lib/screens/settings_screen.dart:118:21: Error: Can't find ')' to match '('.
      appBar: AppBar(
                    ^
lib/screens/settings_screen.dart:117:20: Error: Can't find ')' to match '('.
    return Scaffold(
                   ^
lib/screens/settings_screen.dart:115:38: Error: Can't find '}' to match '{'.
  Widget build(BuildContext context) {
                                     ^
lib/screens/settings_screen.dart:111:40: Error: Can't find '}' to match '{'.
  void _showFeedbackSentConfirmation() {
                                       ^
lib/screens/settings_screen.dart:107:27: Error: Can't find '}' to match '{'.
            onPressed: () {
                          ^
lib/screens/settings_screen.dart:250:18: Error: Can't find ')' to match '('.
    return Column(
                 ^
lib/screens/settings_screen.dart:249:28: Error: Can't find '}' to match '{'.
  Widget _buildAppHeader() {
                           ^
lib/screens/settings_screen.dart:81:24: Error: Can't find '}' to match '{'.
  void _sendFeedback() {
                       ^
lib/screens/settings_screen.dart:74:32: Error: Can't find '}' to match '{'.
    if (!await launchUrl(uri)) {
                               ^
lib/screens/settings_screen.dart:72:37: Error: Can't find '}' to match '{'.
  void _launchURL(String url) async {
                                    ^
lib/screens/settings_screen.dart:54:29: Error: Can't find '}' to match '{'.
  void _showPremiumDialog() {
                            ^
lib/screens/settings_screen.dart:34:24: Error: Can't find '}' to match '{'.
  void _saveSettings() {
                       ^
lib/screens/settings_screen.dart:317:34: Error: Can't find ']' to match '['.
                      boxShadow: [
                                 ^
lib/screens/settings_screen.dart:326:44: Error: Can't find '}' to match '{'.
  Widget _buildSectionHeader(String title) {
                                           ^
lib/screens/settings_screen.dart:339:126: Error: Can't find '}' to match '{'.
  Widget _buildDropdownSetting(String title, String value, List<String> options, IconData icon, Function(String?) onChanged) {
                                                                                          ^
lib/screens/settings_screen.dart:360:33: Error: Can't find '}' to match '{'.
  Widget _buildAppearanceCard() {
                                ^
lib/screens/settings_screen.dart:426:27: Error: Can't find '}' to match '{'.
  void _showVersionInfo() {
                          ^
lib/screens/settings_screen.dart:418:27: Error: Can't find '}' to match '{'.
  void _showAboutDialog() {
                          ^
lib/screens/settings_screen.dart:405:28: Error: Can't find '}' to match '{'.
  void _showLogoutDialog() {
                           ^
lib/screens/settings_screen.dart:392:30: Error: Can't find '}' to match '{'.
  void _showPasswordDialog() {
                             ^
lib/screens/settings_screen.dart:383:83: Error: Can't find '}' to match '{'.
  Widget _buildQuickActionButton(String label, IconData icon, VoidCallback onTap) {
                                                                                  ^
lib/screens/settings_screen.dart:375:31: Error: Can't find '}' to match '{'.
  Widget _buildQuickActions() {
                              ^
lib/screens/settings_screen.dart:348:101: Error: Can't find '}' to match '{'.
  Widget _buildSliderSetting(String title, double value, Function(double) onChanged, IconData icon) {
                                                                                          ^
lib/screens/settings_screen.dart:330:97: Error: Can't find '}' to match '{'.
  Widget _buildSettingSwitch(String title, bool value, Function(bool) onChanged, IconData icon) {
                                                                                          ^
lib/screens/settings_screen.dart:295:32: Error: Can't find '}' to match '{'.
  Widget _buildColorSelector() {
                               ^
lib/screens/settings_screen.dart:278:33: Error: Can't find '}' to match '{'.
    bool showTrailing = true,}) {
                                ^
lib/screens/settings_screen.dart:261:52: Error: Can't find '}' to match '{'.
  Widget _buildSettingsCategoryTitle(String title) {
                                                   ^
lib/screens/settings_screen.dart:15:58: Error: Can't find '}' to match '{'.
class _SettingsScreenState extends State<SettingsScreen> {
                                                         ^
lib/screens/settings_screen.dart:26:37: Error: Expected an identifier, but got ';'.
Try inserting an identifier before ';'.
  final List<Color> _themeColors = [;
                                    ^
lib/screens/settings_screen.dart:26:37: Error: Expected ']' before this.
  final List<Color> _themeColors = [;
                                    ^
lib/screens/settings_screen.dart:260:113: Error: Expected ';' after this.
        const Text("NewAI", style: TextStyle(fontSize: 24, fontWeight: FontWeight.bold, color: Colors.white70)),]);
                                                                                          ^
lib/screens/settings_screen.dart:260:114: Error: Expected a class member, but got ')'.
        const Text("NewAI", style: TextStyle(fontSize: 24, fontWeight: FontWeight.bold, color: Colors.white70)),]);
                                                                                          ^
lib/screens/settings_screen.dart:260:115: Error: Expected a class member, but got ';'.
        const Text("NewAI", style: TextStyle(fontSize: 24, fontWeight: FontWeight.bold, color: Colors.white70)),]);
                                                                                          ^
lib/screens/account_screen.dart:83:33: Error: Can't find '}' to match '{'.
                if (_isEditing) {
                                ^
lib/screens/account_screen.dart:82:27: Error: Can't find '}' to match '{'.
              setState(() {
                          ^
lib/screens/account_screen.dart:155:43: Error: Can't find '}' to match '{'.
            itemBuilder: (context, index) {
                                          ^
lib/screens/account_screen.dart:146:18: Error: Can't find ')' to match '('.
    return Column( // Column düzeltildi
                 ^
lib/screens/account_screen.dart:128:40: Error: Can't find ')' to match '('.
              decoration: BoxDecoration(
                                       ^
lib/screens/account_screen.dart:126:29: Error: Can't find ')' to match '('.
            child: Container(
                            ^
lib/screens/account_screen.dart:123:21: Error: Can't find ')' to match '('.
          Positioned( // Positioned düzeltildi
                    ^
lib/screens/account_screen.dart:111:20: Error: Can't find ')' to match '('.
          Container( // Container düzeltildi
                   ^
lib/screens/account_screen.dart:110:19: Error: Can't find ')' to match '('.
      child: Stack( // Stack düzeltildi
                  ^
lib/screens/account_screen.dart:109:18: Error: Can't find ')' to match '('.
    return Center( // Center düzeltildi
                 ^
lib/screens/account_screen.dart:108:49: Error: Can't find '}' to match '{'.
  Widget _buildProfileSection(Color themeColor) { // Metot ve parametre ismini düzelttim
                                                ^
lib/screens/account_screen.dart:89:22: Error: Can't find ')' to match '('.
      body: Container( // Container düzeltildi
                     ^
lib/screens/account_screen.dart:78:29: Error: Can't find '}' to match '{'.
              onPressed: () {
                            ^
lib/screens/account_screen.dart:76:23: Error: Can't find ')' to match '('.
            IconButton(
                      ^
lib/screens/account_screen.dart:234:17: Error: Can't find ')' to match '('.
      child: Row( // Row düzeltildi
                ^
lib/screens/account_screen.dart:229:51: Error: Can't find '}' to match '{'.
class _RecommendationItem extends StatelessWidget { // Sınıf ismini _RecommendationItem olarak düzelttim
                                                  ^
lib/screens/account_screen.dart:224:38: Error: Can't find '}' to match '{'.
  Widget build(BuildContext context) {
                                     ^
lib/screens/account_screen.dart:219:41: Error: Can't find '}' to match '{'.
class _StatItem extends StatelessWidget { // Sınıf ismini _StatItem olarak düzelttim
                                        ^
lib/screens/account_screen.dart:217:30: Error: Can't find '}' to match '{'.
  void _changeProfilePhoto() { // Metot ismini düzelttim
                             ^
lib/screens/account_screen.dart:199:167: Error: Can't find '}' to match '{'.
  Widget _buildInfoField(String label, TextEditingController controller, IconData icon, {required Color themeColor, TextInputType keyboardType = TextInputType.text}) { // Metot ve parametre isimleri düzeltildi
                                                                                          ^
lib/screens/account_screen.dart:193:36: Error: Can't find '}' to match '{'.
  Widget _buildAdditionalOptions() { // Metot ismini düzelttim
                                   ^
lib/screens/account_screen.dart:187:36: Error: Can't find '}' to match '{'.
  Widget _buildAIRecommendations() { // Metot ismini düzelttim
                                   ^
lib/screens/account_screen.dart:182:16: Error: Can't find ')' to match '('.
            Row( // Row düzeltildi
               ^
lib/screens/account_screen.dart:179:22: Error: Can't find ')' to match '('.
        child: Column( // Column düzeltildi
                     ^
lib/screens/account_screen.dart:177:27: Error: Can't find ')' to match '('.
      child: const Padding( // Padding düzeltildi
                          ^
lib/screens/account_screen.dart:175:16: Error: Can't find ')' to match '('.
    return Card( // Card düzeltildi
               ^
lib/screens/account_screen.dart:174:28: Error: Can't find '}' to match '{'.
  Widget _buildUserStats() { // Metot ismini düzelttim
                           ^
lib/screens/account_screen.dart:61:20: Error: Can't find ')' to match '('.
    return Scaffold( // Scaffold düzeltildi
                   ^
lib/screens/account_screen.dart:59:38: Error: Can't find '}' to match '{'.
  Widget build(BuildContext context) { // Widget build düzeltildi
                                     ^
lib/screens/account_screen.dart:53:24: Error: Can't find '}' to match '{'.
  void _saveUserInfo() { // Metot ismini düzelttim
                       ^
lib/screens/account_screen.dart:49:18: Error: Can't find '}' to match '{'.
  void _logout() {
                 ^
lib/screens/account_screen.dart:34:32: Error: Can't find '}' to match '{'.
  void _showSuccessAnimation() { // Metot ismini düzelttim
                               ^
lib/screens/account_screen.dart:30:30: Error: Can't find '}' to match '{'.
  String _generateAIAvatar() { // Metot ismini düzelttim
                             ^
lib/screens/account_screen.dart:25:18: Error: Can't find '}' to match '{'.
  void dispose() {
                 ^
lib/screens/account_screen.dart:9:56: Error: Can't find '}' to match '{'.
class _AccountScreenState extends State<AccountScreen> {
                                                       ^
lib/screens/account_screen.dart:5:44: Error: Can't find '}' to match '{'.
class AccountScreen extends StatefulWidget { // Sınıf ismini AccountScreen olarak düzelttim
                                           ^
lib/screens/account_screen.dart:9:1: Error: Classes can't be declared inside other classes.
Try moving the class to the top-level.
class _AccountScreenState extends State<AccountScreen> {
^^^^^
lib/screens/account_screen.dart:9:27: Error: Expected a class member, but got 'extends'.
class _AccountScreenState extends State<AccountScreen> {
                          ^^^^^^^
lib/screens/account_screen.dart:9:35: Error: A method declaration needs an explicit list of parameters.
Try adding a parameter list to the method declaration.
class _AccountScreenState extends State<AccountScreen> {
                                  ^^^^^
lib/screens/login_background_painter.dart:5:40: Error: Can't find '}' to match '{'.
  void paint(Canvas canvas, Size size) {
                                       ^
lib/screens/login_background_painter.dart:3:51: Error: Can't find '}' to match '{'.
class NeonBackgroundPainter extends CustomPainter {
                                                  ^
lib/screens/account_screen.dart:8:3: Error: 'State' isn't a type.
  State<AccountScreen> createState() => _AccountScreenState(); // Metot ismini createState olarak düzelttim}
  ^^^^^
lib/screens/account_screen.dart:9:35: Context: This isn't a type.
class _AccountScreenState extends State<AccountScreen> {
                                  ^^^^^
lib/screens/settings_screen.dart:15:7: Error: The non-abstract class '_SettingsScreenState' is missing implementations for these members:
 - State.build
Try to either
 - provide an implementation,
 - inherit an implementation from a superclass or mixin,
 - mark the class as abstract, or
 - provide a 'noSuchMethod' implementation.

class _SettingsScreenState extends State<SettingsScreen> {
      ^^^^^^^^^^^^^^^^^^^^
/C:/flutter/packages/flutter/lib/src/widgets/framework.dart:1461:10: Context: 'State.build' is defined here.
  Widget build(BuildContext context);
         ^^^^^
lib/screens/login_background_painter.dart:3:7: Error: The non-abstract class 'NeonBackgroundPainter' is missing implementations for these members:
 - CustomPainter.shouldRepaint
Try to either
 - provide an implementation,
 - inherit an implementation from a superclass or mixin,
 - mark the class as abstract, or
 - provide a 'noSuchMethod' implementation.

class NeonBackgroundPainter extends CustomPainter {
      ^^^^^^^^^^^^^^^^^^^^^
/C:/flutter/packages/flutter/lib/src/rendering/custom_paint.dart:271:8: Context: 'CustomPainter.shouldRepaint' is defined here.
  bool shouldRepaint(covariant CustomPainter oldDelegate);
       ^^^^^^^^^^^^^
lib/screens/settings_screen.dart:264:19: Error: Too many positional arguments: 0 allowed, but 1 found.
Try removing the extra positional arguments.
      child: Align(
                  ^
/C:/flutter/packages/flutter/lib/src/widgets/basic.dart:2327:9: Context: Found this candidate, but the arguments don't match.
  const Align({
        ^^^^^
lib/screens/settings_screen.dart:269:41: Error: Expected ';' after this.
            fontWeight: FontWeight.w600))));
                                        ^
lib/screens/settings_screen.dart:269:42: Error: Expected an identifier, but got ')'.
Try inserting an identifier before ')'.
            fontWeight: FontWeight.w600))));
                                         ^
lib/screens/settings_screen.dart:269:42: Error: Unexpected token ';'.
            fontWeight: FontWeight.w600))));
                                         ^
lib/screens/settings_screen.dart:269:43: Error: Expected an identifier, but got ')'.
Try inserting an identifier before ')'.
            fontWeight: FontWeight.w600))));
                                          ^
lib/screens/settings_screen.dart:269:42: Error: Expected ';' after this.
            fontWeight: FontWeight.w600))));
                                         ^
lib/screens/settings_screen.dart:269:43: Error: Unexpected token ';'.
            fontWeight: FontWeight.w600))));
                                          ^
lib/screens/settings_screen.dart:286:13: Error: No named parameter with the name 'color'.
            color: isDestructive ? Colors.redAccent : (isPremium ? const Color(0xFFFFD700) : Colors.white70))),
            ^^^^^
/C:/flutter/packages/flutter/lib/src/material/list_tile.dart:390:9: Context: Found this candidate, but the arguments don't match.
  const ListTile({
        ^^^^^^^^
lib/screens/settings_screen.dart:286:110: Error: Expected ';' after this.
            color: isDestructive ? Colors.redAccent : (isPremium ? const Color(0xFFFFD700) : Colors.white70))),
                                                                                          ^
lib/screens/settings_screen.dart:286:111: Error: Expected an identifier, but got ','.
Try inserting an identifier before ','.
            color: isDestructive ? Colors.redAccent : (isPremium ? const Color(0xFFFFD700) : Colors.white70))),
                                                                                          ^
lib/screens/settings_screen.dart:286:111: Error: Unexpected token ';'.
            color: isDestructive ? Colors.redAccent : (isPremium ? const Color(0xFFFFD700) : Colors.white70))),
                                                                                          ^
lib/screens/settings_screen.dart:292:15: Error: Expected ';' after this.
            : null,
              ^^^^
lib/screens/settings_screen.dart:292:19: Error: Expected an identifier, but got ','.
Try inserting an identifier before ','.
            : null,
                  ^
lib/screens/settings_screen.dart:292:19: Error: Unexpected token ';'.
            : null,
                  ^
lib/screens/settings_screen.dart:293:16: Error: Expected ';' after this.
        onTap: onTap, // onTap burada kullanılıyor
               ^^^^^
lib/screens/settings_screen.dart:293:21: Error: Expected an identifier, but got ','.
Try inserting an identifier before ','.
        onTap: onTap, // onTap burada kullanılıyor
                    ^
lib/screens/settings_screen.dart:293:21: Error: Unexpected token ';'.
        onTap: onTap, // onTap burada kullanılıyor
                    ^
lib/screens/settings_screen.dart:294:7: Error: Expected an identifier, but got ')'.
Try inserting an identifier before ')'.
      ));
      ^
lib/screens/settings_screen.dart:293:21: Error: Expected ';' after this.
        onTap: onTap, // onTap burada kullanılıyor
                    ^
lib/screens/settings_screen.dart:294:7: Error: Unexpected token ';'.
      ));
      ^
lib/screens/settings_screen.dart:294:8: Error: Expected an identifier, but got ')'.
Try inserting an identifier before ')'.
      ));
       ^
lib/screens/settings_screen.dart:294:7: Error: Expected ';' after this.
      ));
      ^
lib/screens/settings_screen.dart:294:8: Error: Unexpected token ';'.
      ));
       ^
lib/screens/settings_screen.dart:296:55: Error: Expected ';' after this.
      margin: const EdgeInsets.symmetric(vertical: 4.0),
                                                      ^
lib/screens/settings_screen.dart:296:56: Error: Expected an identifier, but got ','.
Try inserting an identifier before ','.
      margin: const EdgeInsets.symmetric(vertical: 4.0),
                                                       ^
lib/screens/settings_screen.dart:296:56: Error: Unexpected token ';'.
      margin: const EdgeInsets.symmetric(vertical: 4.0),
                                                       ^
lib/screens/settings_screen.dart:297:41: Error: Expected ';' after this.
        padding: const EdgeInsets.all(16),
                                        ^
lib/screens/settings_screen.dart:297:42: Error: Expected an identifier, but got ','.
Try inserting an identifier before ','.
        padding: const EdgeInsets.all(16),
                                         ^
lib/screens/settings_screen.dart:297:42: Error: Unexpected token ';'.
        padding: const EdgeInsets.all(16),
                                         ^
lib/screens/settings_screen.dart:323:26: Error: Expected ')' before this.
                    child: index == _selectedColorIndex
                         ^
lib/screens/settings_screen.dart:313:23: Error: No named parameter with the name 'shape'.
                      shape: BoxShape.circle,
                      ^^^^^
/C:/flutter/packages/flutter/lib/src/widgets/container.dart:255:3: Context: Found this candidate, but the arguments don't match.
  Container({
  ^^^^^^^^^
lib/screens/settings_screen.dart:326:10: Error: A function expression can't have a name.
  Widget _buildSectionHeader(String title) {
         ^^^^^^^^^^^^^^^^^^^
lib/screens/settings_screen.dart:327:56: Error: Expected ';' after this.
      padding: const EdgeInsets.symmetric(vertical: 8.0),
                                                       ^
lib/screens/settings_screen.dart:327:57: Error: Expected an identifier, but got ','.
Try inserting an identifier before ','.
      padding: const EdgeInsets.symmetric(vertical: 8.0),
                                                        ^
lib/screens/settings_screen.dart:327:57: Error: Unexpected token ';'.
      padding: const EdgeInsets.symmetric(vertical: 8.0),
                                                        ^
lib/screens/settings_screen.dart:328:21: Error: Expected ';' after this.
          fontSize: 18,
                    ^^
lib/screens/settings_screen.dart:328:23: Error: Expected an identifier, but got ','.
Try inserting an identifier before ','.
          fontSize: 18,
                      ^
lib/screens/settings_screen.dart:328:23: Error: Unexpected token ';'.
          fontSize: 18,
                      ^
lib/screens/settings_screen.dart:329:34: Error: Expected ';' after this.
          fontWeight: FontWeight.bold)));
                                 ^^^^
lib/screens/settings_screen.dart:298:22: Error: Too many positional arguments: 0 allowed, but 4 found.
Try removing the extra positional arguments.
        child: Column(
                     ^
/C:/flutter/packages/flutter/lib/src/widgets/basic.dart:5850:9: Context: Found this candidate, but the arguments don't match.
  const Column({
        ^^^^^^
lib/screens/settings_screen.dart:329:38: Error: Expected ';' after this.
          fontWeight: FontWeight.bold)));
                                     ^
lib/screens/settings_screen.dart:329:39: Error: Expected an identifier, but got ')'.
Try inserting an identifier before ')'.
          fontWeight: FontWeight.bold)));
                                      ^
lib/screens/settings_screen.dart:329:39: Error: Unexpected token ';'.
          fontWeight: FontWeight.bold)));
                                      ^
lib/screens/settings_screen.dart:329:40: Error: Expected an identifier, but got ')'.
Try inserting an identifier before ')'.
          fontWeight: FontWeight.bold)));
                                       ^
lib/screens/settings_screen.dart:329:39: Error: Expected ';' after this.
          fontWeight: FontWeight.bold)));
                                      ^
lib/screens/settings_screen.dart:329:40: Error: Unexpected token ';'.
          fontWeight: FontWeight.bold)));
                                       ^
lib/screens/settings_screen.dart:339:10: Error: A function expression can't have a name.
  Widget _buildDropdownSetting(String title, String value, List<String> options, IconData icon, Function(String?) onChanged) {
         ^^^^^^^^^^^^^^^^^^^^^
lib/screens/settings_screen.dart:340:49: Error: Expected ';' after this.
        leading: Icon(icon, color: _currentColor),
                                                ^
lib/screens/settings_screen.dart:340:50: Error: Expected an identifier, but got ','.
Try inserting an identifier before ','.
        leading: Icon(icon, color: _currentColor),
                                                 ^
lib/screens/settings_screen.dart:340:50: Error: Unexpected token ';'.
        leading: Icon(icon, color: _currentColor),
                                                 ^
lib/screens/settings_screen.dart:347:43: Error: Expected ';' after this.
            child: Text(option))).toList())));
                                          ^
lib/screens/settings_screen.dart:331:28: Error: Too many positional arguments: 0 allowed, but 1 found.
Try removing the extra positional arguments.
      child: SwitchListTile(
                           ^
/C:/flutter/packages/flutter/lib/src/material/switch_list_tile.dart:174:9: Context: Found this candidate, but the arguments don't match.
  const SwitchListTile({
        ^^^^^^^^^^^^^^
lib/screens/settings_screen.dart:347:44: Error: Expected ';' after this.
            child: Text(option))).toList())));
                                           ^
lib/screens/settings_screen.dart:347:45: Error: Expected an identifier, but got ')'.
Try inserting an identifier before ')'.
            child: Text(option))).toList())));
                                            ^
lib/screens/settings_screen.dart:347:45: Error: Unexpected token ';'.
            child: Text(option))).toList())));
                                            ^
lib/screens/settings_screen.dart:352:19: Error: Required named parameter 'value' must be provided.
            Slider(
                  ^
/C:/flutter/packages/flutter/lib/src/material/slider.dart:171:9: Context: Found this candidate, but the arguments don't match.
  const Slider({
        ^^^^^^
lib/screens/settings_screen.dart:360:10: Error: A function expression can't have a name.
  Widget _buildAppearanceCard() {
         ^^^^^^^^^^^^^^^^^^^^
lib/screens/settings_screen.dart:361:102: Error: Expected ';' after this.
            const Text('Önizleme', style: TextStyle(color: Colors.white, fontWeight: FontWeight.bold)),
                                                                                          ^
lib/screens/settings_screen.dart:361:103: Error: Expected an identifier, but got ','.
Try inserting an identifier before ','.
            const Text('Önizleme', style: TextStyle(color: Colors.white, fontWeight: FontWeight.bold)),
                                                                                          ^
lib/screens/settings_screen.dart:361:103: Error: Unexpected token ';'.
            const Text('Önizleme', style: TextStyle(color: Colors.white, fontWeight: FontWeight.bold)),
                                                                                          ^
lib/screens/settings_screen.dart:362:47: Error: Expected ';' after this.
              padding: const EdgeInsets.all(12),
                                              ^
lib/screens/settings_screen.dart:362:48: Error: Expected an identifier, but got ','.
Try inserting an identifier before ','.
              padding: const EdgeInsets.all(12),
                                               ^
lib/screens/settings_screen.dart:362:48: Error: Unexpected token ';'.
              padding: const EdgeInsets.all(12),
                                               ^
lib/screens/settings_screen.dart:363:46: Error: Expected ';' after this.
                color: const Color(0xFF1A1A2E),
                                             ^
lib/screens/settings_screen.dart:363:47: Error: Expected an identifier, but got ','.
Try inserting an identifier before ','.
                color: const Color(0xFF1A1A2E),
                                              ^
lib/screens/settings_screen.dart:363:47: Error: Unexpected token ';'.
                color: const Color(0xFF1A1A2E),
                                              ^
lib/screens/settings_screen.dart:364:55: Error: Expected ';' after this.
                borderRadius: BorderRadius.circular(12)),
                                                      ^
lib/screens/settings_screen.dart:349:22: Error: Too many positional arguments: 0 allowed, but 4 found.
Try removing the extra positional arguments.
        title: Column(
                     ^
/C:/flutter/packages/flutter/lib/src/widgets/basic.dart:5850:9: Context: Found this candidate, but the arguments don't match.
  const Column({
        ^^^^^^
lib/screens/settings_screen.dart:364:56: Error: Expected ';' after this.
                borderRadius: BorderRadius.circular(12)),
                                                       ^
lib/screens/settings_screen.dart:364:57: Error: Expected an identifier, but got ','.
Try inserting an identifier before ','.
                borderRadius: BorderRadius.circular(12)),
                                                        ^
lib/screens/settings_screen.dart:364:57: Error: Unexpected token ';'.
                borderRadius: BorderRadius.circular(12)),
                                                        ^
lib/screens/settings_screen.dart:371:23: Error: No named parameter with the name 'padding'.
                      padding: const EdgeInsets.all(8),
                      ^^^^^^^
/C:/flutter/packages/flutter/lib/src/widgets/basic.dart:5978:9: Context: Found this candidate, but the arguments don't match.
  const Expanded({super.key, super.flex, required super.child}) : super(fit: FlexFit.tight);
        ^^^^^^^^
lib/screens/settings_screen.dart:365:25: Error: Too many positional arguments: 0 allowed, but 3 found.
Try removing the extra positional arguments.
              child: Row(
                        ^
/C:/flutter/packages/flutter/lib/src/widgets/basic.dart:5660:9: Context: Found this candidate, but the arguments don't match.
  const Row({
        ^^^
lib/screens/settings_screen.dart:374:64: Error: Expected ';' after this.
                        style: TextStyle(color: Colors.white)))),])),
                                                               ^
lib/screens/settings_screen.dart:374:65: Error: Expected an identifier, but got ','.
Try inserting an identifier before ','.
                        style: TextStyle(color: Colors.white)))),])),
                                                                ^
lib/screens/settings_screen.dart:374:65: Error: Unexpected token ';'.
                        style: TextStyle(color: Colors.white)))),])),
                                                                ^
lib/screens/settings_screen.dart:374:66: Error: Expected an identifier, but got ']'.
Try inserting an identifier before ']'.
                        style: TextStyle(color: Colors.white)))),])),
                                                                 ^
lib/screens/settings_screen.dart:374:65: Error: Expected ';' after this.
                        style: TextStyle(color: Colors.white)))),])),
                                                                ^
lib/screens/settings_screen.dart:374:66: Error: Unexpected token ';'.
                        style: TextStyle(color: Colors.white)))),])),
                                                                 ^
lib/screens/settings_screen.dart:374:67: Error: Expected an identifier, but got ')'.
Try inserting an identifier before ')'.
                        style: TextStyle(color: Colors.white)))),])),
                                                                  ^
lib/screens/settings_screen.dart:374:66: Error: Expected ';' after this.
                        style: TextStyle(color: Colors.white)))),])),
                                                                 ^
lib/screens/settings_screen.dart:374:67: Error: Unexpected token ';'.
                        style: TextStyle(color: Colors.white)))),])),
                                                                  ^
lib/screens/settings_screen.dart:374:68: Error: Expected an identifier, but got ')'.
Try inserting an identifier before ')'.
                        style: TextStyle(color: Colors.white)))),])),
                                                                   ^
lib/screens/settings_screen.dart:374:67: Error: Expected ';' after this.
                        style: TextStyle(color: Colors.white)))),])),
                                                                  ^
lib/screens/settings_screen.dart:374:68: Error: Unexpected token ';'.
                        style: TextStyle(color: Colors.white)))),])),
                                                                   ^
lib/screens/settings_screen.dart:374:69: Error: Expected an identifier, but got ','.
Try inserting an identifier before ','.
                        style: TextStyle(color: Colors.white)))),])),
                                                                    ^
lib/screens/settings_screen.dart:374:68: Error: Expected ';' after this.
                        style: TextStyle(color: Colors.white)))),])),
                                                                   ^
lib/screens/settings_screen.dart:374:69: Error: Unexpected token ';'.
                        style: TextStyle(color: Colors.white)))),])),
                                                                    ^
lib/screens/settings_screen.dart:376:56: Error: Expected ';' after this.
      margin: const EdgeInsets.symmetric(vertical: 10.0), // Daha fazla boşluk
                                                       ^
lib/screens/settings_screen.dart:376:57: Error: Expected an identifier, but got ','.
Try inserting an identifier before ','.
      margin: const EdgeInsets.symmetric(vertical: 10.0), // Daha fazla boşluk
                                                        ^
lib/screens/settings_screen.dart:376:57: Error: Unexpected token ';'.
      margin: const EdgeInsets.symmetric(vertical: 10.0), // Daha fazla boşluk
                                                        ^
lib/screens/settings_screen.dart:377:108: Error: Expected ';' after this.
            const Text('⚡ Hızlı Erişim', style: TextStyle(color: Colors.white, fontWeight: FontWeight.bold)),
                                                                                          ^
lib/screens/settings_screen.dart:377:109: Error: Expected an identifier, but got ','.
Try inserting an identifier before ','.
            const Text('⚡ Hızlı Erişim', style: TextStyle(color: Colors.white, fontWeight: FontWeight.bold)),
                                                                                          ^
lib/screens/settings_screen.dart:377:109: Error: Unexpected token ';'.
            const Text('⚡ Hızlı Erişim', style: TextStyle(color: Colors.white, fontWeight: FontWeight.bold)),
                                                                                          ^
lib/screens/settings_screen.dart:378:40: Error: Expected ';' after this.
              alignment: WrapAlignment.center, // Butonları ortala
                                       ^^^^^^
lib/screens/settings_screen.dart:378:46: Error: Expected an identifier, but got ','.
Try inserting an identifier before ','.
              alignment: WrapAlignment.center, // Butonları ortala
                                             ^
lib/screens/settings_screen.dart:378:46: Error: Unexpected token ';'.
              alignment: WrapAlignment.center, // Butonları ortala
                                             ^
lib/screens/settings_screen.dart:379:105: Error: Expected ';' after this.
                _buildQuickActionButton('Temizle', Icons.cleaning_services, () { /* Temizleme işlevi */}),
                                                                                          ^
lib/screens/settings_screen.dart:379:106: Error: Expected an identifier, but got ','.
Try inserting an identifier before ','.
                _buildQuickActionButton('Temizle', Icons.cleaning_services, () { /* Temizleme işlevi */}),
                                                                                          ^
lib/screens/settings_screen.dart:379:106: Error: Unexpected token ';'.
                _buildQuickActionButton('Temizle', Icons.cleaning_services, () { /* Temizleme işlevi */}),
                                                                                          ^
lib/screens/settings_screen.dart:380:94: Error: Expected ';' after this.
                _buildQuickActionButton('Yedekle', Icons.backup, () { /* Yedekleme işlevi */}),
                                                                                          ^
lib/screens/settings_screen.dart:380:95: Error: Expected an identifier, but got ','.
Try inserting an identifier before ','.
                _buildQuickActionButton('Yedekle', Icons.backup, () { /* Yedekleme işlevi */}),
                                                                                          ^
lib/screens/settings_screen.dart:380:95: Error: Unexpected token ';'.
                _buildQuickActionButton('Yedekle', Icons.backup, () { /* Yedekleme işlevi */}),
                                                                                          ^
lib/screens/settings_screen.dart:381:91: Error: Expected ';' after this.
                _buildQuickActionButton('Paylaş', Icons.share, () { /* Paylaşma işlevi */}),
                                                                                          ^
lib/screens/settings_screen.dart:381:92: Error: Expected an identifier, but got ','.
Try inserting an identifier before ','.
                _buildQuickActionButton('Paylaş', Icons.share, () { /* Paylaşma işlevi */}),
                                                                                          ^
lib/screens/settings_screen.dart:381:92: Error: Unexpected token ';'.
                _buildQuickActionButton('Paylaş', Icons.share, () { /* Paylaşma işlevi */}),
                                                                                          ^
lib/screens/settings_screen.dart:382:106: Error: Expected ';' after this.
                _buildQuickActionButton('Yardım', Icons.help, () { _launchURL('https://newai.com/help');}),
                                                                                          ^
lib/screens/settings_screen.dart:382:107: Error: Expected an identifier, but got ','.
Try inserting an identifier before ','.
                _buildQuickActionButton('Yardım', Icons.help, () { _launchURL('https://newai.com/help');}),
                                                                                          ^
lib/screens/settings_screen.dart:382:107: Error: Unexpected token ';'.
                _buildQuickActionButton('Yardım', Icons.help, () { _launchURL('https://newai.com/help');}),
                                                                                          ^
lib/screens/settings_screen.dart:379:17: Error: Local variable '_buildQuickActionButton' can't be referenced before it is declared.
                _buildQuickActionButton('Temizle', Icons.cleaning_services, () { /* Temizleme işlevi */}),
                ^^^^^^^^^^^^^^^^^^^^^^^
lib/screens/settings_screen.dart:383:10: Context: This is the declaration of the variable '_buildQuickActionButton'.
  Widget _buildQuickActionButton(String label, IconData icon, VoidCallback onTap) {
         ^^^^^^^^^^^^^^^^^^^^^^^
lib/screens/settings_screen.dart:380:17: Error: Local variable '_buildQuickActionButton' can't be referenced before it is declared.
                _buildQuickActionButton('Yedekle', Icons.backup, () { /* Yedekleme işlevi */}),
                ^^^^^^^^^^^^^^^^^^^^^^^
lib/screens/settings_screen.dart:383:10: Context: This is the declaration of the variable '_buildQuickActionButton'.
  Widget _buildQuickActionButton(String label, IconData icon, VoidCallback onTap) {
         ^^^^^^^^^^^^^^^^^^^^^^^
lib/screens/settings_screen.dart:381:17: Error: Local variable '_buildQuickActionButton' can't be referenced before it is declared.
                _buildQuickActionButton('Paylaş', Icons.share, () { /* Paylaşma işlevi */}),
                ^^^^^^^^^^^^^^^^^^^^^^^
lib/screens/settings_screen.dart:383:10: Context: This is the declaration of the variable '_buildQuickActionButton'.
  Widget _buildQuickActionButton(String label, IconData icon, VoidCallback onTap) {
         ^^^^^^^^^^^^^^^^^^^^^^^
lib/screens/settings_screen.dart:382:17: Error: Local variable '_buildQuickActionButton' can't be referenced before it is declared.
                _buildQuickActionButton('Yardım', Icons.help, () { _launchURL('https://newai.com/help');}),
                ^^^^^^^^^^^^^^^^^^^^^^^
lib/screens/settings_screen.dart:383:10: Context: This is the declaration of the variable '_buildQuickActionButton'.
  Widget _buildQuickActionButton(String label, IconData icon, VoidCallback onTap) {
         ^^^^^^^^^^^^^^^^^^^^^^^
lib/screens/settings_screen.dart:384:14: Error: Expected ';' after this.
      onTap: onTap,
             ^^^^^
lib/screens/settings_screen.dart:384:19: Error: Expected an identifier, but got ','.
Try inserting an identifier before ','.
      onTap: onTap,
                  ^
lib/screens/settings_screen.dart:384:19: Error: Unexpected token ';'.
      onTap: onTap,
                  ^
lib/screens/settings_screen.dart:385:72: Error: Expected ';' after this.
        padding: const EdgeInsets.symmetric(horizontal: 12, vertical: 8),
                                                                       ^
lib/screens/settings_screen.dart:385:73: Error: Expected an identifier, but got ','.
Try inserting an identifier before ','.
        padding: const EdgeInsets.symmetric(horizontal: 12, vertical: 8),
                                                                        ^
lib/screens/settings_screen.dart:385:73: Error: Unexpected token ';'.
        padding: const EdgeInsets.symmetric(horizontal: 12, vertical: 8),
                                                                        ^
lib/screens/settings_screen.dart:386:47: Error: Expected ';' after this.
          color: _currentColor.withOpacity(0.2),
                                              ^
lib/screens/settings_screen.dart:386:48: Error: Expected an identifier, but got ','.
Try inserting an identifier before ','.
          color: _currentColor.withOpacity(0.2),
                                               ^
lib/screens/settings_screen.dart:386:48: Error: Unexpected token ';'.
          color: _currentColor.withOpacity(0.2),
                                               ^
lib/screens/settings_screen.dart:387:49: Error: Expected ';' after this.
          borderRadius: BorderRadius.circular(20),
                                                ^
lib/screens/settings_screen.dart:387:50: Error: Expected an identifier, but got ','.
Try inserting an identifier before ','.
          borderRadius: BorderRadius.circular(20),
                                                 ^
lib/screens/settings_screen.dart:387:50: Error: Unexpected token ';'.
          borderRadius: BorderRadius.circular(20),
                                                 ^
lib/screens/settings_screen.dart:388:50: Error: Expected ';' after this.
          border: Border.all(color: _currentColor)),
                                                 ^
lib/screens/settings_screen.dart:388:51: Error: Expected an identifier, but got ')'.
Try inserting an identifier before ')'.
          border: Border.all(color: _currentColor)),
                                                  ^
lib/screens/settings_screen.dart:388:51: Error: Unexpected token ';'.
          border: Border.all(color: _currentColor)),
                                                  ^
lib/screens/settings_screen.dart:388:52: Error: Expected an identifier, but got ','.
Try inserting an identifier before ','.
          border: Border.all(color: _currentColor)),
                                                   ^
lib/screens/settings_screen.dart:388:51: Error: Expected ';' after this.
          border: Border.all(color: _currentColor)),
                                                  ^
lib/screens/settings_screen.dart:388:52: Error: Unexpected token ';'.
          border: Border.all(color: _currentColor)),
                                                   ^
lib/screens/settings_screen.dart:389:54: Error: Expected ';' after this.
            Icon(icon, color: _currentColor, size: 16),
                                                     ^
lib/screens/settings_screen.dart:389:55: Error: Expected an identifier, but got ','.
Try inserting an identifier before ','.
            Icon(icon, color: _currentColor, size: 16),
                                                      ^
lib/screens/settings_screen.dart:389:55: Error: Unexpected token ';'.
            Icon(icon, color: _currentColor, size: 16),
                                                      ^
lib/screens/settings_screen.dart:390:36: Error: Expected ';' after this.
            const SizedBox(width: 4),
                                   ^
lib/screens/settings_screen.dart:390:37: Error: Expected an identifier, but got ','.
Try inserting an identifier before ','.
            const SizedBox(width: 4),
                                    ^
lib/screens/settings_screen.dart:390:37: Error: Unexpected token ';'.
            const SizedBox(width: 4),
                                    ^
lib/screens/settings_screen.dart:391:77: Error: Expected ';' after this.
            Text(label, style: TextStyle(color: _currentColor, fontSize: 12)),
                                                                            ^
lib/screens/settings_screen.dart:391:78: Error: Expected an identifier, but got ','.
Try inserting an identifier before ','.
            Text(label, style: TextStyle(color: _currentColor, fontSize: 12)),
                                                                             ^
lib/screens/settings_screen.dart:391:78: Error: Unexpected token ';'.
            Text(label, style: TextStyle(color: _currentColor, fontSize: 12)),
                                                                             ^
lib/screens/settings_screen.dart:393:82: Error: Expected ';' after this.
        title: const Text('Şifre Değiştir', style: TextStyle(color: Colors.white)),
                                                                                 ^
lib/screens/settings_screen.dart:393:83: Error: Expected an identifier, but got ','.
Try inserting an identifier before ','.
        title: const Text('Şifre Değiştir', style: TextStyle(color: Colors.white)),
                                                                                  ^
lib/screens/settings_screen.dart:393:83: Error: Unexpected token ';'.
        title: const Text('Şifre Değiştir', style: TextStyle(color: Colors.white)),
                                                                                  ^
lib/screens/settings_screen.dart:394:28: Error: Expected ';' after this.
              obscureText: true, // Şifreyi gizle
                           ^^^^
lib/screens/settings_screen.dart:394:32: Error: Expected an identifier, but got ','.
Try inserting an identifier before ','.
              obscureText: true, // Şifreyi gizle
                               ^
lib/screens/settings_screen.dart:394:32: Error: Unexpected token ';'.
              obscureText: true, // Şifreyi gizle
                               ^
lib/screens/settings_screen.dart:395:27: Error: Expected ';' after this.
                hintText: 'Mevcut Şifre',
                          ^^^^^^^^^^^^^^
lib/screens/settings_screen.dart:395:41: Error: Expected an identifier, but got ','.
Try inserting an identifier before ','.
                hintText: 'Mevcut Şifre',
                                        ^
lib/screens/settings_screen.dart:395:41: Error: Unexpected token ';'.
                hintText: 'Mevcut Şifre',
                                        ^
lib/screens/settings_screen.dart:396:83: Error: Expected ';' after this.
                border: OutlineInputBorder(borderRadius: BorderRadius.circular(12)),
                                                                                  ^
lib/screens/settings_screen.dart:396:84: Error: Expected an identifier, but got ','.
Try inserting an identifier before ','.
                border: OutlineInputBorder(borderRadius: BorderRadius.circular(12)),
                                                                                   ^
lib/screens/settings_screen.dart:396:84: Error: Unexpected token ';'.
                border: OutlineInputBorder(borderRadius: BorderRadius.circular(12)),
                                                                                   ^
lib/screens/settings_screen.dart:397:153: Error: Expected ';' after this.
                enabledBorder: OutlineInputBorder(borderRadius: BorderRadius.circular(12), borderSide: BorderSide(color: _currentColor.withOpacity(0.5))),
                                                                                          ^
lib/screens/settings_screen.dart:397:154: Error: Expected an identifier, but got ','.
Try inserting an identifier before ','.
                enabledBorder: OutlineInputBorder(borderRadius: BorderRadius.circular(12), borderSide: BorderSide(color: _currentColor.withOpacity(0.5))),
                                                                                          ^
lib/screens/settings_screen.dart:397:154: Error: Unexpected token ';'.
                enabledBorder: OutlineInputBorder(borderRadius: BorderRadius.circular(12), borderSide: BorderSide(color: _currentColor.withOpacity(0.5))),
                                                                                          ^
lib/screens/settings_screen.dart:398:148: Error: Expected ';' after this.
                focusedBorder: OutlineInputBorder(borderRadius: BorderRadius.circular(12), borderSide: BorderSide(color: _currentColor, width: 2.0)))),
                                                                                          ^
lib/screens/settings_screen.dart:398:149: Error: Expected an identifier, but got ')'.
Try inserting an identifier before ')'.
                focusedBorder: OutlineInputBorder(borderRadius: BorderRadius.circular(12), borderSide: BorderSide(color: _currentColor, width: 2.0)))),
                                                                                          ^
lib/screens/settings_screen.dart:398:149: Error: Unexpected token ';'.
                focusedBorder: OutlineInputBorder(borderRadius: BorderRadius.circular(12), borderSide: BorderSide(color: _currentColor, width: 2.0)))),
                                                                                          ^
lib/screens/settings_screen.dart:398:150: Error: Expected an identifier, but got ')'.
Try inserting an identifier before ')'.
                focusedBorder: OutlineInputBorder(borderRadius: BorderRadius.circular(12), borderSide: BorderSide(color: _currentColor, width: 2.0)))),
                                                                                          ^
lib/screens/settings_screen.dart:398:149: Error: Expected ';' after this.
                focusedBorder: OutlineInputBorder(borderRadius: BorderRadius.circular(12), borderSide: BorderSide(color: _currentColor, width: 2.0)))),
                                                                                          ^
lib/screens/settings_screen.dart:398:150: Error: Unexpected token ';'.
                focusedBorder: OutlineInputBorder(borderRadius: BorderRadius.circular(12), borderSide: BorderSide(color: _currentColor, width: 2.0)))),
                                                                                          ^
lib/screens/settings_screen.dart:398:151: Error: Expected an identifier, but got ','.
Try inserting an identifier before ','.
                focusedBorder: OutlineInputBorder(borderRadius: BorderRadius.circular(12), borderSide: BorderSide(color: _currentColor, width: 2.0)))),
                                                                                          ^
lib/screens/settings_screen.dart:398:150: Error: Expected ';' after this.
                focusedBorder: OutlineInputBorder(borderRadius: BorderRadius.circular(12), borderSide: BorderSide(color: _currentColor, width: 2.0)))),
                                                                                          ^
lib/screens/settings_screen.dart:398:151: Error: Unexpected token ';'.
                focusedBorder: OutlineInputBorder(borderRadius: BorderRadius.circular(12), borderSide: BorderSide(color: _currentColor, width: 2.0)))),
                                                                                          ^
lib/screens/settings_screen.dart:399:38: Error: Expected ';' after this.
            const SizedBox(height: 10),
                                     ^
lib/screens/settings_screen.dart:399:39: Error: Expected an identifier, but got ','.
Try inserting an identifier before ','.
            const SizedBox(height: 10),
                                      ^
lib/screens/settings_screen.dart:399:39: Error: Unexpected token ';'.
            const SizedBox(height: 10),
                                      ^
lib/screens/settings_screen.dart:400:28: Error: Expected ';' after this.
              obscureText: true,
                           ^^^^
lib/screens/settings_screen.dart:400:32: Error: Expected an identifier, but got ','.
Try inserting an identifier before ','.
              obscureText: true,
                               ^
lib/screens/settings_screen.dart:400:32: Error: Unexpected token ';'.
              obscureText: true,
                               ^
lib/screens/settings_screen.dart:401:27: Error: Expected ';' after this.
                hintText: 'Yeni Şifre',
                          ^^^^^^^^^^^^
lib/screens/settings_screen.dart:401:39: Error: Expected an identifier, but got ','.
Try inserting an identifier before ','.
                hintText: 'Yeni Şifre',
                                      ^
lib/screens/settings_screen.dart:401:39: Error: Unexpected token ';'.
                hintText: 'Yeni Şifre',
                                      ^
lib/screens/settings_screen.dart:402:27: Error: Expected ';' after this.
                hintText: 'Yeni Şifre Tekrar',
                          ^^^^^^^^^^^^^^^^^^^
lib/screens/settings_screen.dart:402:46: Error: Expected an identifier, but got ','.
Try inserting an identifier before ','.
                hintText: 'Yeni Şifre Tekrar',
                                             ^
lib/screens/settings_screen.dart:402:46: Error: Unexpected token ';'.
                hintText: 'Yeni Şifre Tekrar',
                                             ^
lib/screens/settings_screen.dart:403:130: Error: Expected ';' after this.
          TextButton(onPressed: () => Navigator.pop(context), child: const Text('İptal', style: TextStyle(color: Colors.white70))),
                                                                                          ^
lib/screens/settings_screen.dart:403:131: Error: Expected an identifier, but got ','.
Try inserting an identifier before ','.
          TextButton(onPressed: () => Navigator.pop(context), child: const Text('İptal', style: TextStyle(color: Colors.white70))),
                                                                                          ^
lib/screens/settings_screen.dart:403:131: Error: Unexpected token ';'.
          TextButton(onPressed: () => Navigator.pop(context), child: const Text('İptal', style: TextStyle(color: Colors.white70))),
                                                                                          ^
lib/screens/settings_screen.dart:404:142: Error: Expected ';' after this.
          TextButton(onPressed: () { Navigator.pop(context); _saveSettings();}, child: Text('Kaydet', style: TextStyle(color: _currentColor))),
                                                                                          ^
lib/screens/settings_screen.dart:404:143: Error: Expected an identifier, but got ','.
Try inserting an identifier before ','.
          TextButton(onPressed: () { Navigator.pop(context); _saveSettings();}, child: Text('Kaydet', style: TextStyle(color: _currentColor))),
                                                                                          ^
lib/screens/settings_screen.dart:404:143: Error: Unexpected token ';'.
          TextButton(onPressed: () { Navigator.pop(context); _saveSettings();}, child: Text('Kaydet', style: TextStyle(color: _currentColor))),
                                                                                          ^
lib/screens/settings_screen.dart:406:77: Error: Expected ';' after this.
        title: const Text('Çıkış Yap', style: TextStyle(color: Colors.white)),
                                                                            ^
lib/screens/settings_screen.dart:406:78: Error: Expected an identifier, but got ','.
Try inserting an identifier before ','.
        title: const Text('Çıkış Yap', style: TextStyle(color: Colors.white)),
                                                                             ^
lib/screens/settings_screen.dart:406:78: Error: Unexpected token ';'.
        title: const Text('Çıkış Yap', style: TextStyle(color: Colors.white)),
                                                                             ^
lib/screens/settings_screen.dart:407:126: Error: Expected ';' after this.
        content: const Text('Hesabınızdan çıkış yapmak istediğinizden emin misiniz?', style: TextStyle(color: Colors.white70)),
                                                                                          ^
lib/screens/settings_screen.dart:407:127: Error: Expected an identifier, but got ','.
Try inserting an identifier before ','.
        content: const Text('Hesabınızdan çıkış yapmak istediğinizden emin misiniz?', style: TextStyle(color: Colors.white70)),
                                                                                          ^
lib/screens/settings_screen.dart:407:127: Error: Unexpected token ';'.
        content: const Text('Hesabınızdan çıkış yapmak istediğinizden emin misiniz?', style: TextStyle(color: Colors.white70)),
                                                                                          ^
lib/screens/settings_screen.dart:417:85: Error: Expected ';' after this.
            child: const Text('Çıkış Yap', style: TextStyle(color: Colors.redAccent))),
                                                                                    ^
lib/screens/settings_screen.dart:417:86: Error: Expected an identifier, but got ')'.
Try inserting an identifier before ')'.
            child: const Text('Çıkış Yap', style: TextStyle(color: Colors.redAccent))),
                                                                                     ^
lib/screens/settings_screen.dart:417:86: Error: Unexpected token ';'.
            child: const Text('Çıkış Yap', style: TextStyle(color: Colors.redAccent))),
                                                                                     ^
lib/screens/settings_screen.dart:417:87: Error: Expected an identifier, but got ','.
Try inserting an identifier before ','.
            child: const Text('Çıkış Yap', style: TextStyle(color: Colors.redAccent))),
                                                                                      ^
lib/screens/settings_screen.dart:417:86: Error: Expected ';' after this.
            child: const Text('Çıkış Yap', style: TextStyle(color: Colors.redAccent))),
                                                                                     ^
lib/screens/settings_screen.dart:417:87: Error: Unexpected token ';'.
            child: const Text('Çıkış Yap', style: TextStyle(color: Colors.redAccent))),
                                                                                      ^
lib/screens/settings_screen.dart:419:82: Error: Expected ';' after this.
        title: const Text('NewAI Hakkında', style: TextStyle(color: Colors.white)),
                                                                                 ^
lib/screens/settings_screen.dart:419:83: Error: Expected an identifier, but got ','.
Try inserting an identifier before ','.
        title: const Text('NewAI Hakkında', style: TextStyle(color: Colors.white)),
                                                                                  ^
lib/screens/settings_screen.dart:419:83: Error: Unexpected token ';'.
        title: const Text('NewAI Hakkında', style: TextStyle(color: Colors.white)),
                                                                                  ^
lib/screens/settings_screen.dart:420:91: Error: Expected ';' after this.
            Lottie.asset('assets/newai_about.json', width: 100, height: 100, repeat: false), // Lottie dosyasını kontrol edin
                                                                                          ^
lib/screens/settings_screen.dart:420:92: Error: Expected an identifier, but got ','.
Try inserting an identifier before ','.
            Lottie.asset('assets/newai_about.json', width: 100, height: 100, repeat: false), // Lottie dosyasını kontrol edin
                                                                                          ^
lib/screens/settings_screen.dart:420:92: Error: Unexpected token ';'.
            Lottie.asset('assets/newai_about.json', width: 100, height: 100, repeat: false), // Lottie dosyasını kontrol edin
                                                                                          ^
lib/screens/settings_screen.dart:421:87: Error: Expected ';' after this.
            const Text('v1.0.0', style: TextStyle(color: Colors.white70, fontSize: 14)),
                                                                                      ^
lib/screens/settings_screen.dart:421:88: Error: Expected an identifier, but got ','.
Try inserting an identifier before ','.
            const Text('v1.0.0', style: TextStyle(color: Colors.white70, fontSize: 14)),
                                                                                       ^
lib/screens/settings_screen.dart:421:88: Error: Unexpected token ';'.
            const Text('v1.0.0', style: TextStyle(color: Colors.white70, fontSize: 14)),
                                                                                       ^
lib/screens/settings_screen.dart:422:37: Error: Expected ';' after this.
            const SizedBox(height: 5),
                                    ^
lib/screens/settings_screen.dart:422:38: Error: Expected an identifier, but got ','.
Try inserting an identifier before ','.
            const SizedBox(height: 5),
                                     ^
lib/screens/settings_screen.dart:422:38: Error: Unexpected token ';'.
            const SizedBox(height: 5),
                                     ^
lib/screens/settings_screen.dart:423:107: Error: Expected ';' after this.
            const Text('Gelişmiş Yapay Zeka Asistanı', style: TextStyle(color: Colors.white, fontSize: 16)),
                                                                                          ^
lib/screens/settings_screen.dart:423:108: Error: Expected an identifier, but got ','.
Try inserting an identifier before ','.
            const Text('Gelişmiş Yapay Zeka Asistanı', style: TextStyle(color: Colors.white, fontSize: 16)),
                                                                                          ^
lib/screens/settings_screen.dart:423:108: Error: Unexpected token ';'.
            const Text('Gelişmiş Yapay Zeka Asistanı', style: TextStyle(color: Colors.white, fontSize: 16)),
                                                                                          ^
lib/screens/settings_screen.dart:424:111: Error: Expected ';' after this.
            Text('© ${DateTime.now().year} NewAI', style: const TextStyle(color: Colors.white54, fontSize: 12)),
                                                                                          ^
lib/screens/settings_screen.dart:424:112: Error: Expected an identifier, but got ','.
Try inserting an identifier before ','.
            Text('© ${DateTime.now().year} NewAI', style: const TextStyle(color: Colors.white54, fontSize: 12)),
                                                                                          ^
lib/screens/settings_screen.dart:424:112: Error: Unexpected token ';'.
            Text('© ${DateTime.now().year} NewAI', style: const TextStyle(color: Colors.white54, fontSize: 12)),
                                                                                          ^
lib/screens/settings_screen.dart:425:123: Error: Expected ';' after this.
          TextButton(onPressed: () => Navigator.pop(context), child: Text('Kapat', style: TextStyle(color: _currentColor))),
                                                                                          ^
lib/screens/settings_screen.dart:425:124: Error: Expected an identifier, but got ','.
Try inserting an identifier before ','.
          TextButton(onPressed: () => Navigator.pop(context), child: Text('Kapat', style: TextStyle(color: _currentColor))),
                                                                                          ^
lib/screens/settings_screen.dart:425:124: Error: Unexpected token ';'.
          TextButton(onPressed: () => Navigator.pop(context), child: Text('Kapat', style: TextStyle(color: _currentColor))),
                                                                                          ^
lib/screens/settings_screen.dart:427:62: Error: Expected ';' after this.
        content: const Text('NewAI v1.0.0 - Build 2024.01.01'), // Uygulama sürümünü güncelleyebilirsiniz
                                                             ^
lib/screens/settings_screen.dart:427:63: Error: Expected an identifier, but got ','.
Try inserting an identifier before ','.
        content: const Text('NewAI v1.0.0 - Build 2024.01.01'), // Uygulama sürümünü güncelleyebilirsiniz
                                                              ^
lib/screens/settings_screen.dart:427:63: Error: Unexpected token ';'.
        content: const Text('NewAI v1.0.0 - Build 2024.01.01'), // Uygulama sürümünü güncelleyebilirsiniz
                                                              ^
lib/screens/settings_screen.dart:428:44: Error: Expected ';' after this.
        duration: const Duration(seconds: 3),
                                           ^
lib/screens/settings_screen.dart:428:45: Error: Expected an identifier, but got ','.
Try inserting an identifier before ','.
        duration: const Duration(seconds: 3),
                                            ^
lib/screens/settings_screen.dart:428:45: Error: Unexpected token ';'.
        duration: const Duration(seconds: 3),
                                            ^
lib/screens/settings_screen.dart:429:36: Error: Expected ';' after this.
        behavior: SnackBarBehavior.floating, // AppBar'ın üstünde görünmesi için
                                   ^^^^^^^^
lib/screens/settings_screen.dart:429:44: Error: Expected an identifier, but got ','.
Try inserting an identifier before ','.
        behavior: SnackBarBehavior.floating, // AppBar'ın üstünde görünmesi için
                                           ^
lib/screens/settings_screen.dart:429:44: Error: Unexpected token ';'.
        behavior: SnackBarBehavior.floating, // AppBar'ın üstünde görünmesi için
                                           ^
lib/screens/settings_screen.dart:430:78: Error: Expected ';' after this.
        shape: RoundedRectangleBorder(borderRadius: BorderRadius.circular(10)),
                                                                             ^
lib/screens/settings_screen.dart:430:79: Error: Expected an identifier, but got ','.
Try inserting an identifier before ','.
        shape: RoundedRectangleBorder(borderRadius: BorderRadius.circular(10)),
                                                                              ^
lib/screens/settings_screen.dart:430:79: Error: Unexpected token ';'.
        shape: RoundedRectangleBorder(borderRadius: BorderRadius.circular(10)),
                                                                              ^
lib/screens/settings_screen.dart:431:40: Error: Expected ';' after this.
        margin: const EdgeInsets.all(10)));
                                       ^
lib/screens/settings_screen.dart:431:41: Error: Expected an identifier, but got ')'.
Try inserting an identifier before ')'.
        margin: const EdgeInsets.all(10)));
                                        ^
lib/screens/settings_screen.dart:431:41: Error: Unexpected token ';'.
        margin: const EdgeInsets.all(10)));
                                        ^
lib/screens/settings_screen.dart:431:42: Error: Expected an identifier, but got ')'.
Try inserting an identifier before ')'.
        margin: const EdgeInsets.all(10)));
                                         ^
lib/screens/settings_screen.dart:431:41: Error: Expected ';' after this.
        margin: const EdgeInsets.all(10)));
                                        ^
lib/screens/settings_screen.dart:431:42: Error: Unexpected token ';'.
        margin: const EdgeInsets.all(10)));
                                         ^
lib/screens/settings_screen.dart:379:17: Error: The method '_buildQuickActionButton' isn't defined for the type '_SettingsScreenState'.
 - '_SettingsScreenState' is from 'package:newai_ai/screens/settings_screen.dart' ('lib/screens/settings_screen.dart').
Try correcting the name to the name of an existing method, or defining a method named '_buildQuickActionButton'.
                _buildQuickActionButton('Temizle', Icons.cleaning_services, () { /* Temizleme işlevi */}),
                ^^^^^^^^^^^^^^^^^^^^^^^
lib/screens/settings_screen.dart:380:17: Error: The method '_buildQuickActionButton' isn't defined for the type '_SettingsScreenState'.
 - '_SettingsScreenState' is from 'package:newai_ai/screens/settings_screen.dart' ('lib/screens/settings_screen.dart').
Try correcting the name to the name of an existing method, or defining a method named '_buildQuickActionButton'.
                _buildQuickActionButton('Yedekle', Icons.backup, () { /* Yedekleme işlevi */}),
                ^^^^^^^^^^^^^^^^^^^^^^^
lib/screens/settings_screen.dart:381:17: Error: The method '_buildQuickActionButton' isn't defined for the type '_SettingsScreenState'.
 - '_SettingsScreenState' is from 'package:newai_ai/screens/settings_screen.dart' ('lib/screens/settings_screen.dart').
Try correcting the name to the name of an existing method, or defining a method named '_buildQuickActionButton'.
                _buildQuickActionButton('Paylaş', Icons.share, () { /* Paylaşma işlevi */}),
                ^^^^^^^^^^^^^^^^^^^^^^^
lib/screens/settings_screen.dart:382:17: Error: The method '_buildQuickActionButton' isn't defined for the type '_SettingsScreenState'.
 - '_SettingsScreenState' is from 'package:newai_ai/screens/settings_screen.dart' ('lib/screens/settings_screen.dart').
Try correcting the name to the name of an existing method, or defining a method named '_buildQuickActionButton'.
                _buildQuickActionButton('Yardım', Icons.help, () { _launchURL('https://newai.com/help');}),
                ^^^^^^^^^^^^^^^^^^^^^^^
lib/screens/settings_screen.dart:382:68: Error: The method '_launchURL' isn't defined for the type '_SettingsScreenState'.
 - '_SettingsScreenState' is from 'package:newai_ai/screens/settings_screen.dart' ('lib/screens/settings_screen.dart').
Try correcting the name to the name of an existing method, or defining a method named '_launchURL'.
                _buildQuickActionButton('Yardım', Icons.help, () { _launchURL('https://newai.com/help');}),
                                                                   ^^^^^^^^^^
lib/screens/settings_screen.dart:386:18: Error: The getter '_currentColor' isn't defined for the type '_SettingsScreenState'.
 - '_SettingsScreenState' is from 'package:newai_ai/screens/settings_screen.dart' ('lib/screens/settings_screen.dart').
Try correcting the name to the name of an existing getter, or defining a getter or field named '_currentColor'.
          color: _currentColor.withOpacity(0.2),
                 ^^^^^^^^^^^^^
lib/screens/settings_screen.dart:388:37: Error: The getter '_currentColor' isn't defined for the type '_SettingsScreenState'.
 - '_SettingsScreenState' is from 'package:newai_ai/screens/settings_screen.dart' ('lib/screens/settings_screen.dart').
Try correcting the name to the name of an existing getter, or defining a getter or field named '_currentColor'.
          border: Border.all(color: _currentColor)),
                                    ^^^^^^^^^^^^^
lib/screens/settings_screen.dart:389:31: Error: The getter '_currentColor' isn't defined for the type '_SettingsScreenState'.
 - '_SettingsScreenState' is from 'package:newai_ai/screens/settings_screen.dart' ('lib/screens/settings_screen.dart').
Try correcting the name to the name of an existing getter, or defining a getter or field named '_currentColor'.
            Icon(icon, color: _currentColor, size: 16),
                              ^^^^^^^^^^^^^
lib/screens/settings_screen.dart:391:49: Error: The getter '_currentColor' isn't defined for the type '_SettingsScreenState'.
 - '_SettingsScreenState' is from 'package:newai_ai/screens/settings_screen.dart' ('lib/screens/settings_screen.dart').
Try correcting the name to the name of an existing getter, or defining a getter or field named '_currentColor'.
            Text(label, style: TextStyle(color: _currentColor, fontSize: 12)),
                                                ^^^^^^^^^^^^^
lib/screens/settings_screen.dart:397:122: Error: The getter '_currentColor' isn't defined for the type '_SettingsScreenState'.
 - '_SettingsScreenState' is from 'package:newai_ai/screens/settings_screen.dart' ('lib/screens/settings_screen.dart').
Try correcting the name to the name of an existing getter, or defining a getter or field named '_currentColor'.
                enabledBorder: OutlineInputBorder(borderRadius: BorderRadius.circular(12), borderSide: BorderSide(color: _currentColor.withOpacity(0.5))),
                                                                                          ^^^^^^^^^^^^^
lib/screens/settings_screen.dart:398:122: Error: The getter '_currentColor' isn't defined for the type '_SettingsScreenState'.
 - '_SettingsScreenState' is from 'package:newai_ai/screens/settings_screen.dart' ('lib/screens/settings_screen.dart').
Try correcting the name to the name of an existing getter, or defining a getter or field named '_currentColor'.
                focusedBorder: OutlineInputBorder(borderRadius: BorderRadius.circular(12), borderSide: BorderSide(color: _currentColor, width: 2.0)))),
                                                                                          ^^^^^^^^^^^^^
lib/screens/settings_screen.dart:404:127: Error: The getter '_currentColor' isn't defined for the type '_SettingsScreenState'.
 - '_SettingsScreenState' is from 'package:newai_ai/screens/settings_screen.dart' ('lib/screens/settings_screen.dart').
Try correcting the name to the name of an existing getter, or defining a getter or field named '_currentColor'.
          TextButton(onPressed: () { Navigator.pop(context); _saveSettings();}, child: Text('Kaydet', style: TextStyle(color: _currentColor))),
                                                                                          ^^^^^^^^^^^^^
lib/screens/settings_screen.dart:404:62: Error: The method '_saveSettings' isn't defined for the type '_SettingsScreenState'.
 - '_SettingsScreenState' is from 'package:newai_ai/screens/settings_screen.dart' ('lib/screens/settings_screen.dart').
Try correcting the name to the name of an existing method, or defining a method named '_saveSettings'.
          TextButton(onPressed: () { Navigator.pop(context); _saveSettings();}, child: Text('Kaydet', style: TextStyle(color: _currentColor))),
                                                             ^^^^^^^^^^^^^
lib/screens/settings_screen.dart:425:108: Error: The getter '_currentColor' isn't defined for the type '_SettingsScreenState'.
 - '_SettingsScreenState' is from 'package:newai_ai/screens/settings_screen.dart' ('lib/screens/settings_screen.dart').
Try correcting the name to the name of an existing getter, or defining a getter or field named '_currentColor'.
          TextButton(onPressed: () => Navigator.pop(context), child: Text('Kapat', style: TextStyle(color: _currentColor))),
                                                                                          ^^^^^^^^^^^^^
lib/screens/account_screen.dart:8:41: Error: The method '_AccountScreenState' isn't defined for the type 'AccountScreen'.
 - 'AccountScreen' is from 'package:newai_ai/screens/account_screen.dart' ('lib/screens/account_screen.dart').
Try correcting the name to the name of an existing method, or defining a method named '_AccountScreenState'.
  State<AccountScreen> createState() => _AccountScreenState(); // Metot ismini createState olarak düzelttim}
                                        ^^^^^^^^^^^^^^^^^^^
lib/screens/account_screen.dart:29:11: Error: Superclass has no method named 'dispose'.
    super.dispose();
          ^^^^^^^
lib/screens/account_screen.dart:45:8: Error: Expected ';' after this.
  bool get _hasChanges => // hasChanges düzeltildi
       ^^^
lib/screens/account_screen.dart:45:24: Error: A function declaration needs an explicit list of parameters.
Try adding a parameter list to the function declaration.
  bool get _hasChanges => // hasChanges düzeltildi
                       ^^
lib/screens/account_screen.dart:81:84: Error: Expected ';' after this.
            icon: Icon(_isEditing ? Icons.close : Icons.edit, color: Colors.white70), // Icon ve Colors düzeltildi
                                                                                   ^
lib/screens/account_screen.dart:81:85: Error: Expected an identifier, but got ','.
Try inserting an identifier before ','.
            icon: Icon(_isEditing ? Icons.close : Icons.edit, color: Colors.white70), // Icon ve Colors düzeltildi
                                                                                    ^
lib/screens/account_screen.dart:81:85: Error: Unexpected token ';'.
            icon: Icon(_isEditing ? Icons.close : Icons.edit, color: Colors.white70), // Icon ve Colors düzeltildi
                                                                                    ^
lib/screens/account_screen.dart:88:48: Error: Expected ';' after this.
        backgroundColor: const Color(0xff0d0d1a)),
                                               ^
lib/screens/account_screen.dart:88:49: Error: Expected ';' after this.
        backgroundColor: const Color(0xff0d0d1a)),
                                                ^
lib/screens/account_screen.dart:88:50: Error: Expected an identifier, but got ','.
Try inserting an identifier before ','.
        backgroundColor: const Color(0xff0d0d1a)),
                                                 ^
lib/screens/account_screen.dart:88:50: Error: Unexpected token ';'.
        backgroundColor: const Color(0xff0d0d1a)),
                                                 ^
lib/screens/account_screen.dart:98:34: Error: Not a constant expression.
            _buildProfileSection(currentColor), // currentColor düzeltildi
                                 ^^^^^^^^^^^^
lib/screens/account_screen.dart:100:33: Error: Not a constant expression.
            _buildThemeSelector(currentColor), // currentColor düzeltildi
                                ^^^^^^^^^^^^
lib/screens/account_screen.dart:103:84: Error: Not a constant expression.
            _buildInfoField('Ad Soyad', _nameController, Icons.person, themeColor: currentColor), // Icons düzeltildi
                                                                                   ^^^^^^^^^^^^
lib/screens/account_screen.dart:103:41: Error: Not a constant expression.
            _buildInfoField('Ad Soyad', _nameController, Icons.person, themeColor: currentColor), // Icons düzeltildi
                                        ^^^^^^^^^^^^^^^
lib/screens/account_screen.dart:104:83: Error: Not a constant expression.
            _buildInfoField('E-posta', _emailController, Icons.email, themeColor: currentColor, keyboardType: TextInputType.emailAddress), // Icons, TextInputType düzeltildi
                                                                                  ^^^^^^^^^^^^
lib/screens/account_screen.dart:104:40: Error: Not a constant expression.
            _buildInfoField('E-posta', _emailController, Icons.email, themeColor: currentColor, keyboardType: TextInputType.emailAddress), // Icons, TextInputType düzeltildi
                                       ^^^^^^^^^^^^^^^^
lib/screens/account_screen.dart:105:102: Error: Not a constant expression.
            _buildInfoField('Kullanıcı Adı', _usernameController, Icons.alternate_email, themeColor: currentColor), // Icons düzeltildi
                                                                                          ^^^^^^^^^^^^
lib/screens/account_screen.dart:105:46: Error: Not a constant expression.
            _buildInfoField('Kullanıcı Adı', _usernameController, Icons.alternate_email, themeColor: currentColor), // Icons düzeltildi
                                             ^^^^^^^^^^^^^^^^^^^
lib/screens/account_screen.dart:107:13: Error: Not a constant expression.
            _buildAdditionalOptions(),])));
            ^^^^^^^^^^^^^^^^^^^^^^^
lib/screens/account_screen.dart:106:13: Error: Not a constant expression.
            _buildAIRecommendations(), // Metot ismini düzelttim
            ^^^^^^^^^^^^^^^^^^^^^^^
lib/screens/account_screen.dart:105:13: Error: Not a constant expression.
            _buildInfoField('Kullanıcı Adı', _usernameController, Icons.alternate_email, themeColor: currentColor), // Icons düzeltildi
            ^^^^^^^^^^^^^^^
lib/screens/account_screen.dart:104:13: Error: Not a constant expression.
            _buildInfoField('E-posta', _emailController, Icons.email, themeColor: currentColor, keyboardType: TextInputType.emailAddress), // Icons, TextInputType düzeltildi
            ^^^^^^^^^^^^^^^
lib/screens/account_screen.dart:103:13: Error: Not a constant expression.
            _buildInfoField('Ad Soyad', _nameController, Icons.person, themeColor: currentColor), // Icons düzeltildi
            ^^^^^^^^^^^^^^^
lib/screens/account_screen.dart:102:13: Error: Not a constant expression.
            _buildUserStats(),
            ^^^^^^^^^^^^^^^
lib/screens/account_screen.dart:100:13: Error: Not a constant expression.
            _buildThemeSelector(currentColor), // currentColor düzeltildi
            ^^^^^^^^^^^^^^^^^^^
lib/screens/account_screen.dart:98:13: Error: Not a constant expression.
            _buildProfileSection(currentColor), // currentColor düzeltildi
            ^^^^^^^^^^^^^^^^^^^^
lib/screens/account_screen.dart:95:16: Error: Cannot invoke a non-'const' constructor where a const expression is expected.
Try using a constructor or factory that is 'const'.
        child: ListView( // ListView düzeltildi
               ^^^^^^^^
lib/screens/account_screen.dart:95:9: Error: No named parameter with the name 'child'.
        child: ListView( // ListView düzeltildi
        ^^^^^
/C:/flutter/packages/flutter/lib/src/painting/decoration_image.dart:50:9: Context: Found this candidate, but the arguments don't match.
  const DecorationImage({
        ^^^^^^^^^^^^^^^
lib/screens/account_screen.dart:98:13: Error: Local variable '_buildProfileSection' can't be referenced before it is declared.
            _buildProfileSection(currentColor), // currentColor düzeltildi
            ^^^^^^^^^^^^^^^^^^^^
lib/screens/account_screen.dart:108:10: Context: This is the declaration of the variable '_buildProfileSection'.
  Widget _buildProfileSection(Color themeColor) { // Metot ve parametre ismini düzelttim
         ^^^^^^^^^^^^^^^^^^^^
lib/screens/account_screen.dart:116:13: Error: No named parameter with the name 'child'.
            child: CircleAvatar( // CircleAvatar düzeltildi
            ^^^^^
/C:/flutter/packages/flutter/lib/src/painting/box_decoration.dart:93:9: Context: Found this candidate, but the arguments don't match.
  const BoxDecoration({
        ^^^^^^^^^^^^^
lib/screens/account_screen.dart:136:11: Error: Expected an identifier, but got 'if'.
Try inserting an identifier before 'if'.
          if (_isEditing) // isEditing düzeltildi
          ^^
lib/screens/account_screen.dart:136:11: Error: Expected ')' before this.
          if (_isEditing) // isEditing düzeltildi
          ^^
lib/screens/account_screen.dart:131:31: Error: Too many positional arguments: 0 allowed, but 4 found.
Try removing the extra positional arguments.
              child: const Row( // Row düzeltildi
                              ^
/C:/flutter/packages/flutter/lib/src/widgets/basic.dart:5660:9: Context: Found this candidate, but the arguments don't match.
  const Row({
        ^^^
lib/screens/account_screen.dart:131:15: Error: No named parameter with the name 'child'.
              child: const Row( // Row düzeltildi
              ^^^^^
/C:/flutter/packages/flutter/lib/src/painting/box_decoration.dart:93:9: Context: Found this candidate, but the arguments don't match.
  const BoxDecoration({
        ^^^^^^^^^^^^^
lib/screens/account_screen.dart:111:20: Error: Too many positional arguments: 0 allowed, but 1 found.
Try removing the extra positional arguments.
          Container( // Container düzeltildi
                   ^
/C:/flutter/packages/flutter/lib/src/widgets/container.dart:255:3: Context: Found this candidate, but the arguments don't match.
  Container({
  ^^^^^^^^^
lib/screens/account_screen.dart:110:19: Error: Too many positional arguments: 0 allowed, but 1 found.
Try removing the extra positional arguments.
      child: Stack( // Stack düzeltildi
                  ^
/C:/flutter/packages/flutter/lib/src/widgets/basic.dart:4546:9: Context: Found this candidate, but the arguments don't match.
  const Stack({
        ^^^^^
lib/screens/account_screen.dart:173:23: Error: Expected ';' after this.
                ));})),]);
                      ^
lib/screens/account_screen.dart:102:13: Error: Local variable '_buildUserStats' can't be referenced before it is declared.
            _buildUserStats(),
            ^^^^^^^^^^^^^^^
lib/screens/account_screen.dart:174:10: Context: This is the declaration of the variable '_buildUserStats'.
  Widget _buildUserStats() { // Metot ismini düzelttim
         ^^^^^^^^^^^^^^^
lib/screens/account_screen.dart:187:10: Error: A function expression can't have a name.
  Widget _buildAIRecommendations() { // Metot ismini düzelttim
         ^^^^^^^^^^^^^^^^^^^^^^^
lib/screens/account_screen.dart:188:103: Error: Expected ';' after this.
            Text('🤖 AI Önerileri', style: TextStyle(color: Colors.white, fontWeight: FontWeight.bold)), // Text ve TextStyle düzeltildi
                                                                                          ^
lib/screens/account_screen.dart:188:104: Error: Expected an identifier, but got ','.
Try inserting an identifier before ','.
            Text('🤖 AI Önerileri', style: TextStyle(color: Colors.white, fontWeight: FontWeight.bold)), // Text ve TextStyle düzeltildi
                                                                                          ^
lib/screens/account_screen.dart:188:104: Error: Unexpected token ';'.
            Text('🤖 AI Önerileri', style: TextStyle(color: Colors.white, fontWeight: FontWeight.bold)), // Text ve TextStyle düzeltildi
                                                                                          ^
lib/screens/account_screen.dart:189:31: Error: Expected ';' after this.
            SizedBox(height: 8),
                              ^
lib/screens/account_screen.dart:189:32: Error: Expected an identifier, but got ','.
Try inserting an identifier before ','.
            SizedBox(height: 8),
                               ^
lib/screens/account_screen.dart:189:32: Error: Unexpected token ';'.
            SizedBox(height: 8),
                               ^
lib/screens/account_screen.dart:190:78: Error: Expected ';' after this.
            _RecommendationItem('📸 Profil fotoğrafı ekleyerek kişiselleştir'), // _RecommendationItem düzeltildi
                                                                             ^
lib/screens/account_screen.dart:190:13: Error: Not a constant expression.
            _RecommendationItem('📸 Profil fotoğrafı ekleyerek kişiselleştir'), // _RecommendationItem düzeltildi
            ^^^^^^^^^^^^^^^^^^^
lib/screens/account_screen.dart:190:79: Error: Expected an identifier, but got ','.
Try inserting an identifier before ','.
            _RecommendationItem('📸 Profil fotoğrafı ekleyerek kişiselleştir'), // _RecommendationItem düzeltildi
                                                                              ^
lib/screens/account_screen.dart:190:79: Error: Unexpected token ';'.
            _RecommendationItem('📸 Profil fotoğrafı ekleyerek kişiselleştir'), // _RecommendationItem düzeltildi
                                                                              ^
lib/screens/account_screen.dart:191:61: Error: Expected ';' after this.
            _RecommendationItem('✅ E-posta adresini doğrula'), // _RecommendationItem düzeltildi
                                                            ^
lib/screens/account_screen.dart:191:13: Error: Not a constant expression.
            _RecommendationItem('✅ E-posta adresini doğrula'), // _RecommendationItem düzeltildi
            ^^^^^^^^^^^^^^^^^^^
lib/screens/account_screen.dart:191:62: Error: Expected an identifier, but got ','.
Try inserting an identifier before ','.
            _RecommendationItem('✅ E-posta adresini doğrula'), // _RecommendationItem düzeltildi
                                                             ^
lib/screens/account_screen.dart:191:62: Error: Unexpected token ';'.
            _RecommendationItem('✅ E-posta adresini doğrula'), // _RecommendationItem düzeltildi
                                                             ^
lib/screens/account_screen.dart:192:81: Error: Expected ';' after this.
            _RecommendationItem('💎 Premium özellikleri keşfet', isPremium: true), // _RecommendationItem düzeltildi
                                                                                ^
lib/screens/account_screen.dart:192:13: Error: Not a constant expression.
            _RecommendationItem('💎 Premium özellikleri keşfet', isPremium: true), // _RecommendationItem düzeltildi
            ^^^^^^^^^^^^^^^^^^^
lib/screens/account_screen.dart:192:82: Error: Expected an identifier, but got ','.
Try inserting an identifier before ','.
            _RecommendationItem('💎 Premium özellikleri keşfet', isPremium: true), // _RecommendationItem düzeltildi
                                                                                 ^
lib/screens/account_screen.dart:192:82: Error: Unexpected token ';'.
            _RecommendationItem('💎 Premium özellikleri keşfet', isPremium: true), // _RecommendationItem düzeltildi
                                                                                 ^
lib/screens/account_screen.dart:194:123: Error: Expected ';' after this.
        const Text('Diğer Bilgiler', style: TextStyle(color: Color(0xff8c4cd2), fontSize: 18, fontWeight: FontWeight.bold)), // Text ve TextStyle düzeltildi
                                                                                          ^
lib/screens/account_screen.dart:194:124: Error: Expected an identifier, but got ','.
Try inserting an identifier before ','.
        const Text('Diğer Bilgiler', style: TextStyle(color: Color(0xff8c4cd2), fontSize: 18, fontWeight: FontWeight.bold)), // Text ve TextStyle düzeltildi
                                                                                          ^
lib/screens/account_screen.dart:194:124: Error: Unexpected token ';'.
        const Text('Diğer Bilgiler', style: TextStyle(color: Color(0xff8c4cd2), fontSize: 18, fontWeight: FontWeight.bold)), // Text ve TextStyle düzeltildi
                                                                                          ^
lib/screens/account_screen.dart:195:242: Error: Not a constant expression.
        ListTile(leading: const Icon(Icons.history, color: Colors.white54), title: const Text('Sohbet Geçmişi', style: TextStyle(color: Colors.white70)), trailing: const Icon(Icons.arrow_forward_ios, color: Colors.white54, size: 18), onTap: () {}), // ListTile, Icon, Text, TextStyle düzeltildi
                                                                                          ^^
lib/screens/account_screen.dart:195:247: Error: Expected ';' after this.
        ListTile(leading: const Icon(Icons.history, color: Colors.white54), title: const Text('Sohbet Geçmişi', style: TextStyle(color: Colors.white70)), trailing: const Icon(Icons.arrow_forward_ios, color: Colors.white54, size: 18), onTap: () {}), // ListTile, Icon, Text, TextStyle düzeltildi
                                                                                          ^
lib/screens/account_screen.dart:195:248: Error: Expected an identifier, but got ','.
Try inserting an identifier before ','.
        ListTile(leading: const Icon(Icons.history, color: Colors.white54), title: const Text('Sohbet Geçmişi', style: TextStyle(color: Colors.white70)), trailing: const Icon(Icons.arrow_forward_ios, color: Colors.white54, size: 18), onTap: () {}), // ListTile, Icon, Text, TextStyle düzeltildi
                                                                                          ^
lib/screens/account_screen.dart:195:248: Error: Unexpected token ';'.
        ListTile(leading: const Icon(Icons.history, color: Colors.white54), title: const Text('Sohbet Geçmişi', style: TextStyle(color: Colors.white70)), trailing: const Icon(Icons.arrow_forward_ios, color: Colors.white54, size: 18), onTap: () {}), // ListTile, Icon, Text, TextStyle düzeltildi
                                                                                          ^
lib/screens/account_screen.dart:196:249: Error: Not a constant expression.
        ListTile(leading: const Icon(Icons.security, color: Colors.white54), title: const Text('Gizlilik ve Güvenlik', style: TextStyle(color: Colors.white70)), trailing: const Icon(Icons.arrow_forward_ios, color: Colors.white54, size: 18), onTap: () {}), // ListTile, Icon, Text, TextStyle düzeltildi
                                                                                          ^^
lib/screens/account_screen.dart:196:254: Error: Expected ';' after this.
        ListTile(leading: const Icon(Icons.security, color: Colors.white54), title: const Text('Gizlilik ve Güvenlik', style: TextStyle(color: Colors.white70)), trailing: const Icon(Icons.arrow_forward_ios, color: Colors.white54, size: 18), onTap: () {}), // ListTile, Icon, Text, TextStyle düzeltildi
                                                                                          ^
lib/screens/account_screen.dart:196:255: Error: Expected an identifier, but got ','.
Try inserting an identifier before ','.
        ListTile(leading: const Icon(Icons.security, color: Colors.white54), title: const Text('Gizlilik ve Güvenlik', style: TextStyle(color: Colors.white70)), trailing: const Icon(Icons.arrow_forward_ios, color: Colors.white54, size: 18), onTap: () {}), // ListTile, Icon, Text, TextStyle düzeltildi
                                                                                          ^
lib/screens/account_screen.dart:196:255: Error: Unexpected token ';'.
        ListTile(leading: const Icon(Icons.security, color: Colors.white54), title: const Text('Gizlilik ve Güvenlik', style: TextStyle(color: Colors.white70)), trailing: const Icon(Icons.arrow_forward_ios, color: Colors.white54, size: 18), onTap: () {}), // ListTile, Icon, Text, TextStyle düzeltildi
                                                                                          ^
lib/screens/account_screen.dart:197:44: Error: Expected ';' after this.
        const Divider(color: Colors.white10), // Divider ve Colors düzeltildi
                                           ^
lib/screens/account_screen.dart:197:45: Error: Expected an identifier, but got ','.
Try inserting an identifier before ','.
        const Divider(color: Colors.white10), // Divider ve Colors düzeltildi
                                            ^
lib/screens/account_screen.dart:197:45: Error: Unexpected token ';'.
        const Divider(color: Colors.white10), // Divider ve Colors düzeltildi
                                            ^
lib/screens/account_screen.dart:198:176: Error: Not a constant expression.
        ListTile(title: const Text('Çıkış Yap', style: TextStyle(color: Colors.redAccent)), trailing: const Icon(Icons.exit_to_app, color: Colors.redAccent, size: 20), onTap: _logout), // ListTile, Text, TextStyle, Icon, Colors düzeltildi
                                                                                          ^^^^^^^
lib/screens/account_screen.dart:198:183: Error: Expected ';' after this.
        ListTile(title: const Text('Çıkış Yap', style: TextStyle(color: Colors.redAccent)), trailing: const Icon(Icons.exit_to_app, color: Colors.redAccent, size: 20), onTap: _logout), // ListTile, Text, TextStyle, Icon, Colors düzeltildi
                                                                                          ^
lib/screens/account_screen.dart:198:184: Error: Expected an identifier, but got ','.
Try inserting an identifier before ','.
        ListTile(title: const Text('Çıkış Yap', style: TextStyle(color: Colors.redAccent)), trailing: const Icon(Icons.exit_to_app, color: Colors.redAccent, size: 20), onTap: _logout), // ListTile, Text, TextStyle, Icon, Colors düzeltildi
                                                                                          ^
lib/screens/account_screen.dart:198:184: Error: Unexpected token ';'.
        ListTile(title: const Text('Çıkış Yap', style: TextStyle(color: Colors.redAccent)), trailing: const Icon(Icons.exit_to_app, color: Colors.redAccent, size: 20), onTap: _logout), // ListTile, Text, TextStyle, Icon, Colors düzeltildi
                                                                                          ^
lib/screens/account_screen.dart:203:21: Error: Not a constant expression.
        controller: controller,
                    ^^^^^^^^^^
lib/screens/account_screen.dart:204:18: Error: Not a constant expression.
        enabled: _isEditing, // isEditing düzeltildi
                 ^^^^^^^^^^
lib/screens/account_screen.dart:205:23: Error: Not a constant expression.
        keyboardType: keyboardType,
                      ^^^^^^^^^^^^
lib/screens/account_screen.dart:208:22: Error: Not a constant expression.
          labelText: label, // labelText düzeltildi
                     ^^^^^
lib/screens/account_screen.dart:209:40: Error: Not a constant expression.
          labelStyle: TextStyle(color: _isEditing ? themeColor : Colors.white54), // TextStyle, isEditing, Colors düzeltildi
                                       ^^^^^^^^^^
lib/screens/account_screen.dart:209:53: Error: Not a constant expression.
          labelStyle: TextStyle(color: _isEditing ? themeColor : Colors.white54), // TextStyle, isEditing, Colors düzeltildi
                                                    ^^^^^^^^^^
lib/screens/account_screen.dart:210:28: Error: Not a constant expression.
          prefixIcon: Icon(icon, color: Colors.white54), // Icon ve Colors düzeltildi
                           ^^^^
lib/screens/account_screen.dart:211:46: Error: Method invocation is not a constant expression.
          fillColor: const Color(0xff2a2a47).withOpacity(0.7),
                                             ^^^^^^^^^^^
lib/screens/account_screen.dart:213:65: Error: Cannot invoke a non-'const' constructor where a const expression is expected.
Try using a constructor or factory that is 'const'.
          border: OutlineInputBorder(borderRadius: BorderRadius.circular(12.0), borderSide: _isEditing ? BorderSide(color: themeColor) : BorderSide.none), // OutlineInputBorder, BorderRadius, BorderSide, isEditing düzeltildi
                                                                ^^^^^^^^
lib/screens/account_screen.dart:213:93: Error: Not a constant expression.
          border: OutlineInputBorder(borderRadius: BorderRadius.circular(12.0), borderSide: _isEditing ? BorderSide(color: themeColor) : BorderSide.none), // OutlineInputBorder, BorderRadius, BorderSide, isEditing düzeltildi
                                                                                          ^^^^^^^^^^
lib/screens/account_screen.dart:213:124: Error: Not a constant expression.
          border: OutlineInputBorder(borderRadius: BorderRadius.circular(12.0), borderSide: _isEditing ? BorderSide(color: themeColor) : BorderSide.none), // OutlineInputBorder, BorderRadius, BorderSide, isEditing düzeltildi
                                                                                          ^^^^^^^^^^
lib/screens/account_screen.dart:214:72: Error: Cannot invoke a non-'const' constructor where a const expression is expected.
Try using a constructor or factory that is 'const'.
          enabledBorder: OutlineInputBorder(borderRadius: BorderRadius.circular(12.0), borderSide: _isEditing ? BorderSide(color: themeColor, width: 1.5) : BorderSide.none), // OutlineInputBorder, BorderRadius, BorderSide, isEditing düzeltildi
                                                                       ^^^^^^^^
lib/screens/account_screen.dart:214:100: Error: Not a constant expression.
          enabledBorder: OutlineInputBorder(borderRadius: BorderRadius.circular(12.0), borderSide: _isEditing ? BorderSide(color: themeColor, width: 1.5) : BorderSide.none), // OutlineInputBorder, BorderRadius, BorderSide, isEditing düzeltildi
                                                                                          ^^^^^^^^^^
lib/screens/account_screen.dart:214:131: Error: Not a constant expression.
          enabledBorder: OutlineInputBorder(borderRadius: BorderRadius.circular(12.0), borderSide: _isEditing ? BorderSide(color: themeColor, width: 1.5) : BorderSide.none), // OutlineInputBorder, BorderRadius, BorderSide, isEditing düzeltildi
                                                                                          ^^^^^^^^^^
lib/screens/account_screen.dart:215:72: Error: Cannot invoke a non-'const' constructor where a const expression is expected.
Try using a constructor or factory that is 'const'.
          focusedBorder: OutlineInputBorder(borderRadius: BorderRadius.circular(12.0), borderSide: BorderSide(color: themeColor, width: 2.0)), // OutlineInputBorder, BorderRadius, BorderSide düzeltildi
                                                                       ^^^^^^^^
lib/screens/account_screen.dart:215:118: Error: Not a constant expression.
          focusedBorder: OutlineInputBorder(borderRadius: BorderRadius.circular(12.0), borderSide: BorderSide(color: themeColor, width: 2.0)), // OutlineInputBorder, BorderRadius, BorderSide düzeltildi
                                                                                          ^^^^^^^^^^
lib/screens/account_screen.dart:218:5: Error: Method invocation is not a constant expression.
    print('Profil fotoğrafı değiştiriliyor...'); // print düzeltildi
    ^^^^^
lib/screens/account_screen.dart:219:1: Error: 'class' can't be used as an identifier because it's a keyword.
Try renaming this to be an identifier that isn't a keyword.
class _StatItem extends StatelessWidget { // Sınıf ismini _StatItem olarak düzelttim
^^^^^
lib/screens/account_screen.dart:219:1: Error: Expected ';' after this.
class _StatItem extends StatelessWidget { // Sınıf ismini _StatItem olarak düzelttim
^^^^^
lib/screens/account_screen.dart:219:1: Error: Not a constant expression.
class _StatItem extends StatelessWidget { // Sınıf ismini _StatItem olarak düzelttim
^^^^^
lib/screens/account_screen.dart:219:7: Error: Expected ';' after this.
class _StatItem extends StatelessWidget { // Sınıf ismini _StatItem olarak düzelttim
      ^^^^^^^^^
lib/screens/account_screen.dart:219:7: Error: Not a constant expression.
class _StatItem extends StatelessWidget { // Sınıf ismini _StatItem olarak düzelttim
      ^^^^^^^^^
lib/screens/account_screen.dart:219:17: Error: 'extends' can't be used as an identifier because it's a keyword.
Try renaming this to be an identifier that isn't a keyword.
class _StatItem extends StatelessWidget { // Sınıf ismini _StatItem olarak düzelttim
                ^^^^^^^
lib/screens/account_screen.dart:219:17: Error: Expected ';' after this.
class _StatItem extends StatelessWidget { // Sınıf ismini _StatItem olarak düzelttim
                ^^^^^^^
lib/screens/account_screen.dart:219:17: Error: Not a constant expression.
class _StatItem extends StatelessWidget { // Sınıf ismini _StatItem olarak düzelttim
                ^^^^^^^
lib/screens/account_screen.dart:219:25: Error: Expected ';' after this.
class _StatItem extends StatelessWidget { // Sınıf ismini _StatItem olarak düzelttim
                        ^^^^^^^^^^^^^^^
lib/screens/account_screen.dart:223:9: Error: Not a constant expression.
  const _StatItem(this.label, this.value, this.icon);
        ^^^^^^^^^
lib/screens/account_screen.dart:225:14: Error: Not a constant expression.
        Icon(icon, color: const Color(0xffc367d4)), // Icon düzeltildi
             ^^^^
lib/screens/account_screen.dart:225:50: Error: Expected ';' after this.
        Icon(icon, color: const Color(0xffc367d4)), // Icon düzeltildi
                                                 ^
lib/screens/account_screen.dart:225:51: Error: Expected an identifier, but got ','.
Try inserting an identifier before ','.
        Icon(icon, color: const Color(0xffc367d4)), // Icon düzeltildi
                                                  ^
lib/screens/account_screen.dart:225:51: Error: Unexpected token ';'.
        Icon(icon, color: const Color(0xffc367d4)), // Icon düzeltildi
                                                  ^
lib/screens/account_screen.dart:226:33: Error: Expected ';' after this.
        const SizedBox(height: 4),
                                ^
lib/screens/account_screen.dart:226:34: Error: Expected an identifier, but got ','.
Try inserting an identifier before ','.
        const SizedBox(height: 4),
                                 ^
lib/screens/account_screen.dart:226:34: Error: Unexpected token ';'.
        const SizedBox(height: 4),
                                 ^
lib/screens/account_screen.dart:227:14: Error: Not a constant expression.
        Text(value, style: const TextStyle(color: Colors.white, fontWeight: FontWeight.bold, fontSize: 16)), // Text, TextStyle, Colors, FontWeight düzeltildi
             ^^^^^
lib/screens/account_screen.dart:227:107: Error: Expected ';' after this.
        Text(value, style: const TextStyle(color: Colors.white, fontWeight: FontWeight.bold, fontSize: 16)), // Text, TextStyle, Colors, FontWeight düzeltildi
                                                                                          ^
lib/screens/account_screen.dart:227:108: Error: Expected an identifier, but got ','.
Try inserting an identifier before ','.
        Text(value, style: const TextStyle(color: Colors.white, fontWeight: FontWeight.bold, fontSize: 16)), // Text, TextStyle, Colors, FontWeight düzeltildi
                                                                                          ^
lib/screens/account_screen.dart:227:108: Error: Unexpected token ';'.
        Text(value, style: const TextStyle(color: Colors.white, fontWeight: FontWeight.bold, fontSize: 16)), // Text, TextStyle, Colors, FontWeight düzeltildi
                                                                                          ^
lib/screens/account_screen.dart:228:14: Error: Not a constant expression.
        Text(label, style: const TextStyle(color: Colors.white54, fontSize: 12)), // Text, TextStyle, Colors düzeltildi
             ^^^^^
lib/screens/account_screen.dart:228:80: Error: Expected ';' after this.
        Text(label, style: const TextStyle(color: Colors.white54, fontSize: 12)), // Text, TextStyle, Colors düzeltildi
                                                                               ^
lib/screens/account_screen.dart:228:81: Error: Expected an identifier, but got ','.
Try inserting an identifier before ','.
        Text(label, style: const TextStyle(color: Colors.white54, fontSize: 12)), // Text, TextStyle, Colors düzeltildi
                                                                                ^
lib/screens/account_screen.dart:228:81: Error: Unexpected token ';'.
        Text(label, style: const TextStyle(color: Colors.white54, fontSize: 12)), // Text, TextStyle, Colors düzeltildi
                                                                                ^
lib/screens/account_screen.dart:229:1: Error: 'class' can't be used as an identifier because it's a keyword.
Try renaming this to be an identifier that isn't a keyword.
class _RecommendationItem extends StatelessWidget { // Sınıf ismini _RecommendationItem olarak düzelttim
^^^^^
lib/screens/account_screen.dart:229:1: Error: Expected ';' after this.
class _RecommendationItem extends StatelessWidget { // Sınıf ismini _RecommendationItem olarak düzelttim
^^^^^
lib/screens/account_screen.dart:229:1: Error: Not a constant expression.
class _RecommendationItem extends StatelessWidget { // Sınıf ismini _RecommendationItem olarak düzelttim
^^^^^
lib/screens/account_screen.dart:229:7: Error: Expected ';' after this.
class _RecommendationItem extends StatelessWidget { // Sınıf ismini _RecommendationItem olarak düzelttim
      ^^^^^^^^^^^^^^^^^^^
lib/screens/account_screen.dart:229:7: Error: Not a constant expression.
class _RecommendationItem extends StatelessWidget { // Sınıf ismini _RecommendationItem olarak düzelttim
      ^^^^^^^^^^^^^^^^^^^
lib/screens/account_screen.dart:229:27: Error: 'extends' can't be used as an identifier because it's a keyword.
Try renaming this to be an identifier that isn't a keyword.
class _RecommendationItem extends StatelessWidget { // Sınıf ismini _RecommendationItem olarak düzelttim
                          ^^^^^^^
lib/screens/account_screen.dart:229:27: Error: Expected ';' after this.
class _RecommendationItem extends StatelessWidget { // Sınıf ismini _RecommendationItem olarak düzelttim
                          ^^^^^^^
lib/screens/account_screen.dart:229:27: Error: Not a constant expression.
class _RecommendationItem extends StatelessWidget { // Sınıf ismini _RecommendationItem olarak düzelttim
                          ^^^^^^^
lib/screens/account_screen.dart:229:35: Error: Expected ';' after this.
class _RecommendationItem extends StatelessWidget { // Sınıf ismini _RecommendationItem olarak düzelttim
                                  ^^^^^^^^^^^^^^^
lib/screens/account_screen.dart:232:56: Error: Not a constant expression.
  const _RecommendationItem(this.text, {this.isPremium = false});
                                                       ^
lib/screens/account_screen.dart:232:9: Error: Not a constant expression.
  const _RecommendationItem(this.text, {this.isPremium = false});
        ^^^^^^^^^^^^^^^^^^^
lib/screens/account_screen.dart:233:54: Error: Expected ';' after this.
      padding: const EdgeInsets.symmetric(vertical: 4), // EdgeInsets düzeltildi
                                                     ^
lib/screens/account_screen.dart:233:55: Error: Expected an identifier, but got ','.
Try inserting an identifier before ','.
      padding: const EdgeInsets.symmetric(vertical: 4), // EdgeInsets düzeltildi
                                                      ^
lib/screens/account_screen.dart:233:55: Error: Unexpected token ','.
      padding: const EdgeInsets.symmetric(vertical: 4), // EdgeInsets düzeltildi
                                                      ^
lib/screens/account_screen.dart:235:48: Error: Not a constant expression.
          Icon(Icons.arrow_forward_ios, color: isPremium ? const Color(0xffffd700) : Colors.white54, size: 12), // Icon, Colors, isPremium düzeltildi
                                               ^^^^^^^^^
lib/screens/account_screen.dart:237:62: Error: Not a constant expression.
          Expanded(child: Text(text, style: TextStyle(color: isPremium ? const Color(0xffffd700) : Colors.white70, fontSize: 14))), // Expanded, Text, TextStyle, Colors, isPremium düzeltildi
                                                             ^^^^^^^^^
lib/screens/account_screen.dart:237:32: Error: Not a constant expression.
          Expanded(child: Text(text, style: TextStyle(color: isPremium ? const Color(0xffffd700) : Colors.white70, fontSize: 14))), // Expanded, Text, TextStyle, Colors, isPremium düzeltildi
                               ^^^^
lib/screens/account_screen.dart:234:17: Error: Too many positional arguments: 0 allowed, but 3 found.
Try removing the extra positional arguments.
      child: Row( // Row düzeltildi
                ^
/C:/flutter/packages/flutter/lib/src/widgets/basic.dart:5660:9: Context: Found this candidate, but the arguments don't match.
  const Row({
        ^^^
lib/screens/account_screen.dart:237:131: Error: Expected ';' after this.
          Expanded(child: Text(text, style: TextStyle(color: isPremium ? const Color(0xffffd700) : Colors.white70, fontSize: 14))), // Expanded, Text, TextStyle, Colors, isPremium düzeltildi
                                                                                          ^
lib/screens/account_screen.dart:184:17: Error: Not a constant expression.
                _StatItem('Sohbet', '127', Icons.chat), // _StatItem ve Icons düzeltildi
                ^^^^^^^^^
lib/screens/account_screen.dart:185:17: Error: Not a constant expression.
                _StatItem('Kelime', '15k', Icons.text_fields), // _StatItem ve Icons düzeltildi
                ^^^^^^^^^
lib/screens/account_screen.dart:186:17: Error: Not a constant expression.
                _StatItem('Dakika', '45', Icons.timer), // _StatItem ve Icons düzeltildi
                ^^^^^^^^^
lib/screens/account_screen.dart:182:16: Error: Too many positional arguments: 0 allowed, but 4 found.
Try removing the extra positional arguments.
            Row( // Row düzeltildi
               ^
/C:/flutter/packages/flutter/lib/src/widgets/basic.dart:5660:9: Context: Found this candidate, but the arguments don't match.
  const Row({
        ^^^
lib/screens/account_screen.dart:179:22: Error: Too many positional arguments: 0 allowed, but 3 found.
Try removing the extra positional arguments.
        child: Column( // Column düzeltildi
                     ^
/C:/flutter/packages/flutter/lib/src/widgets/basic.dart:5850:9: Context: Found this candidate, but the arguments don't match.
  const Column({
        ^^^^^^
lib/screens/account_screen.dart:36:16: Error: The getter 'context' isn't defined for the type 'AccountScreen'.
 - 'AccountScreen' is from 'package:newai_ai/screens/account_screen.dart' ('lib/screens/account_screen.dart').
Try correcting the name to the name of an existing getter, or defining a getter or field named 'context'.
      context: context,
               ^^^^^^^
lib/screens/account_screen.dart:44:68: Error: The getter 'context' isn't defined for the type 'AccountScreen'.
 - 'AccountScreen' is from 'package:newai_ai/screens/account_screen.dart' ('lib/screens/account_screen.dart').
Try correcting the name to the name of an existing getter, or defining a getter or field named 'context'.
    Future.delayed(const Duration(seconds: 2), () => Navigator.pop(context)); // Navigator.pop düzeltildi
                                                                   ^^^^^^^
lib/screens/account_screen.dart:50:18: Error: The getter 'context' isn't defined for the type 'AccountScreen'.
 - 'AccountScreen' is from 'package:newai_ai/screens/account_screen.dart' ('lib/screens/account_screen.dart').
Try correcting the name to the name of an existing getter, or defining a getter or field named 'context'.
    Navigator.of(context).pushAndRemoveUntil( // Navigator.of düzeltildi
                 ^^^^^^^
lib/screens/account_screen.dart:75:29: Error: A value of type 'bool Function()' can't be assigned to a variable of type 'bool'.
          if (_isEditing && _hasChanges) // isEditing ve hasChanges düzeltildi
                            ^
lib/screens/account_screen.dart:80:17: Error: The method 'setState' isn't defined for the type 'AccountScreen'.
 - 'AccountScreen' is from 'package:newai_ai/screens/account_screen.dart' ('lib/screens/account_screen.dart').
Try correcting the name to the name of an existing method, or defining a method named 'setState'.
                setState(() => _isEditing = false); // setState ve isEditing düzeltildi}),
                ^^^^^^^^
lib/screens/account_screen.dart:82:15: Error: The method 'setState' isn't defined for the type 'AccountScreen'.
 - 'AccountScreen' is from 'package:newai_ai/screens/account_screen.dart' ('lib/screens/account_screen.dart').
Try correcting the name to the name of an existing method, or defining a method named 'setState'.
              setState(() {
              ^^^^^^^^
lib/screens/login_background_painter.dart:8:7: Error: Expected an identifier, but got '..'.
Try inserting an identifier before '..'.
      ..color = const Color(0xFF0A001A)
      ^^
lib/screens/login_background_painter.dart:26:43: Error: Expected ';' after this.
      ..color = colorPink.withOpacity(0.15)
                                          ^
lib/screens/login_background_painter.dart:32:42: Error: Expected ';' after this.
      ..color = colorPink.withOpacity(0.3)
                                         ^
Target kernel_snapshot_program failed: Exception


FAILURE: Build failed with an exception.

* What went wrong:
Execution failed for task ':app:compileFlutterBuildDebug'.
> Process 'command 'C:\flutter\bin\flutter.bat'' finished with non-zero exit value 1

* Try:
> Run with --stacktrace option to get the stack trace.
> Run with --info or --debug option to get more log output.
> Run with --scan to get full insights.
> Get more help at https://help.gradle.org.

BUILD FAILED in 1m 47s
Running Gradle task 'assembleDebug'...                            111,9s
Error: Gradle task assembleDebug failed with exit code 1
