[ +295 ms] Artifact Instance of 'MaterialFonts' is not required, skipping update.
[   +8 ms] Artifact Instance of 'GradleWrapper' is not required, skipping update.
[        ] Artifact Instance of 'AndroidGenSnapshotArtifacts' is not required, skipping update.
[        ] Artifact Instance of 'AndroidInternalBuildArtifacts' is not required, skipping update.
[        ] Artifact Instance of 'IOSEngineArtifacts' is not required, skipping update.
[        ] Artifact Instance of 'FlutterWebSdk' is not required, skipping update.
[   +2 ms] Artifact Instance of 'LegacyCanvasKitRemover' is not required, skipping update.
[        ] Artifact Instance of 'FlutterSdk' is not required, skipping update.
[        ] Artifact Instance of 'WindowsEngineArtifacts' is not required, skipping update.
[   +1 ms] Artifact Instance of 'MacOSEngineArtifacts' is not required, skipping update.
[        ] Artifact Instance of 'LinuxEngineArtifacts' is not required, skipping update.
[        ] Artifact Instance of 'LinuxFuchsiaSDKArtifacts' is not required, skipping update.
[   +6 ms] Artifact Instance of 'MacOSFuchsiaSDKArtifacts' is not required, skipping update.
[   +1 ms] Artifact Instance of 'FlutterRunnerSDKArtifacts' is not required, skipping update.
[   +1 ms] Artifact Instance of 'FlutterRunnerDebugSymbols' is not required, skipping update.
[        ] Artifact Instance of 'IosUsbArtifacts' is not required, skipping update.
[        ] Artifact Instance of 'IosUsbArtifacts' is not required, skipping update.
[        ] Artifact Instance of 'IosUsbArtifacts' is not required, skipping update.
[   +1 ms] Artifact Instance of 'IosUsbArtifacts' is not required, skipping update.
[        ] Artifact Instance of 'IosUsbArtifacts' is not required, skipping update.
[        ] Artifact Instance of 'IosUsbArtifacts' is not required, skipping update.
[        ] Artifact Instance of 'FontSubsetArtifacts' is not required, skipping update.
[        ] Artifact Instance of 'PubDependencies' is not required, skipping update.
[ +224 ms] Artifact Instance of 'AndroidGenSnapshotArtifacts' is not required, skipping update.
[   +3 ms] Artifact Instance of 'AndroidInternalBuildArtifacts' is not required, skipping update.
[        ] Artifact Instance of 'IOSEngineArtifacts' is not required, skipping update.
[        ] Artifact Instance of 'FlutterWebSdk' is not required, skipping update.
[        ] Artifact Instance of 'FlutterEngineStamp' is not required, skipping update.
[        ] Artifact Instance of 'LegacyCanvasKitRemover' is not required, skipping update.
[  +18 ms] Artifact Instance of 'WindowsEngineArtifacts' is not required, skipping update.
[   +1 ms] Artifact Instance of 'MacOSEngineArtifacts' is not required, skipping update.
[        ] Artifact Instance of 'LinuxEngineArtifacts' is not required, skipping update.
[   +2 ms] Artifact Instance of 'LinuxFuchsiaSDKArtifacts' is not required, skipping update.
[        ] Artifact Instance of 'MacOSFuchsiaSDKArtifacts' is not required, skipping update.
[        ] Artifact Instance of 'FlutterRunnerSDKArtifacts' is not required, skipping update.
[        ] Artifact Instance of 'FlutterRunnerDebugSymbols' is not required, skipping update.
[ +223 ms] Artifact Instance of 'MaterialFonts' is not required, skipping update.
[   +2 ms] Artifact Instance of 'GradleWrapper' is not required, skipping update.
[  +30 ms] Artifact Instance of 'AndroidInternalBuildArtifacts' is not required, skipping update.
[        ] Artifact Instance of 'IOSEngineArtifacts' is not required, skipping update.
[        ] Artifact Instance of 'FlutterWebSdk' is not required, skipping update.
[   +1 ms] Artifact Instance of 'FlutterEngineStamp' is not required, skipping update.
[        ] Artifact Instance of 'LegacyCanvasKitRemover' is not required, skipping update.
[        ] Artifact Instance of 'FlutterSdk' is not required, skipping update.
[        ] Artifact Instance of 'WindowsEngineArtifacts' is not required, skipping update.
[        ] Artifact Instance of 'MacOSEngineArtifacts' is not required, skipping update.
[        ] Artifact Instance of 'LinuxEngineArtifacts' is not required, skipping update.
[        ] Artifact Instance of 'LinuxFuchsiaSDKArtifacts' is not required, skipping update.
[        ] Artifact Instance of 'MacOSFuchsiaSDKArtifacts' is not required, skipping update.
[        ] Artifact Instance of 'FlutterRunnerSDKArtifacts' is not required, skipping update.
[        ] Artifact Instance of 'FlutterRunnerDebugSymbols' is not required, skipping update.
[        ] Artifact Instance of 'IosUsbArtifacts' is not required, skipping update.
[   +4 ms] Artifact Instance of 'IosUsbArtifacts' is not required, skipping update.
[        ] Artifact Instance of 'IosUsbArtifacts' is not required, skipping update.
[        ] Artifact Instance of 'IosUsbArtifacts' is not required, skipping update.
[        ] Artifact Instance of 'IosUsbArtifacts' is not required, skipping update.
[        ] Artifact Instance of 'IosUsbArtifacts' is not required, skipping update.
[        ] Artifact Instance of 'FontSubsetArtifacts' is not required, skipping update.
[        ] Artifact Instance of 'PubDependencies' is not required, skipping update.
[ +214 ms] Skipping pub get: version match.
[ +248 ms] Found plugin url_launcher at C:\Users\Samet Can 88\AppData\Local\Pub\Cache\hosted\pub.dev\url_launcher-6.3.2\
[  +40 ms] Found plugin url_launcher_windows at C:\Users\Samet Can
88\AppData\Local\Pub\Cache\hosted\pub.dev\url_launcher_windows-3.1.4\
[  +34 ms] Found plugin url_launcher_web at C:\Users\Samet Can
88\AppData\Local\Pub\Cache\hosted\pub.dev\url_launcher_web-2.4.1\
[  +18 ms] Found plugin url_launcher_macos at C:\Users\Samet Can
88\AppData\Local\Pub\Cache\hosted\pub.dev\url_launcher_macos-3.2.4\
[  +13 ms] Found plugin url_launcher_linux at C:\Users\Samet Can
88\AppData\Local\Pub\Cache\hosted\pub.dev\url_launcher_linux-3.2.1\
[  +29 ms] Found plugin url_launcher_ios at C:\Users\Samet Can
88\AppData\Local\Pub\Cache\hosted\pub.dev\url_launcher_ios-6.3.5\
[  +17 ms] Found plugin url_launcher_android at C:\Users\Samet Can
88\AppData\Local\Pub\Cache\hosted\pub.dev\url_launcher_android-6.3.24\
[  +30 ms] Found plugin shared_preferences at C:\Users\Samet Can
88\AppData\Local\Pub\Cache\hosted\pub.dev\shared_preferences-2.5.3\
[  +17 ms] Found plugin shared_preferences_windows at C:\Users\Samet Can
88\AppData\Local\Pub\Cache\hosted\pub.dev\shared_preferences_windows-2.4.1\
[  +15 ms] Found plugin path_provider_windows at C:\Users\Samet Can
88\AppData\Local\Pub\Cache\hosted\pub.dev\path_provider_windows-2.3.0\
[  +49 ms] Found plugin shared_preferences_web at C:\Users\Samet Can
88\AppData\Local\Pub\Cache\hosted\pub.dev\shared_preferences_web-2.4.3\
[  +12 ms] Found plugin shared_preferences_linux at C:\Users\Samet Can
88\AppData\Local\Pub\Cache\hosted\pub.dev\shared_preferences_linux-2.4.1\
[  +13 ms] Found plugin path_provider_linux at C:\Users\Samet Can
88\AppData\Local\Pub\Cache\hosted\pub.dev\path_provider_linux-2.2.1\
[  +27 ms] Found plugin shared_preferences_foundation at C:\Users\Samet Can
88\AppData\Local\Pub\Cache\hosted\pub.dev\shared_preferences_foundation-2.5.5\
[   +9 ms] Found plugin shared_preferences_android at C:\Users\Samet Can
88\AppData\Local\Pub\Cache\hosted\pub.dev\shared_preferences_android-2.4.15\
[ +222 ms] Found plugin url_launcher at C:\Users\Samet Can 88\AppData\Local\Pub\Cache\hosted\pub.dev\url_launcher-6.3.2\
[  +18 ms] Found plugin url_launcher_windows at C:\Users\Samet Can
88\AppData\Local\Pub\Cache\hosted\pub.dev\url_launcher_windows-3.1.4\
[  +29 ms] Found plugin url_launcher_web at C:\Users\Samet Can
88\AppData\Local\Pub\Cache\hosted\pub.dev\url_launcher_web-2.4.1\
[  +18 ms] Found plugin url_launcher_macos at C:\Users\Samet Can
88\AppData\Local\Pub\Cache\hosted\pub.dev\url_launcher_macos-3.2.4\
[   +5 ms] Found plugin url_launcher_linux at C:\Users\Samet Can
88\AppData\Local\Pub\Cache\hosted\pub.dev\url_launcher_linux-3.2.1\
[  +12 ms] Found plugin url_launcher_ios at C:\Users\Samet Can
88\AppData\Local\Pub\Cache\hosted\pub.dev\url_launcher_ios-6.3.5\
[   +7 ms] Found plugin url_launcher_android at C:\Users\Samet Can
88\AppData\Local\Pub\Cache\hosted\pub.dev\url_launcher_android-6.3.24\
[  +18 ms] Found plugin shared_preferences at C:\Users\Samet Can
88\AppData\Local\Pub\Cache\hosted\pub.dev\shared_preferences-2.5.3\
[  +11 ms] Found plugin shared_preferences_windows at C:\Users\Samet Can
88\AppData\Local\Pub\Cache\hosted\pub.dev\shared_preferences_windows-2.4.1\
[  +19 ms] Found plugin path_provider_windows at C:\Users\Samet Can
88\AppData\Local\Pub\Cache\hosted\pub.dev\path_provider_windows-2.3.0\
[  +27 ms] Found plugin shared_preferences_web at C:\Users\Samet Can
88\AppData\Local\Pub\Cache\hosted\pub.dev\shared_preferences_web-2.4.3\
[   +4 ms] Found plugin shared_preferences_linux at C:\Users\Samet Can
88\AppData\Local\Pub\Cache\hosted\pub.dev\shared_preferences_linux-2.4.1\
[   +4 ms] Found plugin path_provider_linux at C:\Users\Samet Can
88\AppData\Local\Pub\Cache\hosted\pub.dev\path_provider_linux-2.2.1\
[  +14 ms] Found plugin shared_preferences_foundation at C:\Users\Samet Can
88\AppData\Local\Pub\Cache\hosted\pub.dev\shared_preferences_foundation-2.5.5\
[  +12 ms] Found plugin shared_preferences_android at C:\Users\Samet Can
88\AppData\Local\Pub\Cache\hosted\pub.dev\shared_preferences_android-2.4.15\
[  +96 ms] Skipping generating web_plugin_registrant.dart because it is up-to-date.
[ +110 ms] Found plugin url_launcher at C:\Users\Samet Can 88\AppData\Local\Pub\Cache\hosted\pub.dev\url_launcher-6.3.2\
[   +4 ms] Found plugin url_launcher_windows at C:\Users\Samet Can
88\AppData\Local\Pub\Cache\hosted\pub.dev\url_launcher_windows-3.1.4\
[   +9 ms] Found plugin url_launcher_web at C:\Users\Samet Can
88\AppData\Local\Pub\Cache\hosted\pub.dev\url_launcher_web-2.4.1\
[  +12 ms] Found plugin url_launcher_macos at C:\Users\Samet Can
88\AppData\Local\Pub\Cache\hosted\pub.dev\url_launcher_macos-3.2.4\
[   +9 ms] Found plugin url_launcher_linux at C:\Users\Samet Can
88\AppData\Local\Pub\Cache\hosted\pub.dev\url_launcher_linux-3.2.1\
[   +9 ms] Found plugin url_launcher_ios at C:\Users\Samet Can
88\AppData\Local\Pub\Cache\hosted\pub.dev\url_launcher_ios-6.3.5\
[   +9 ms] Found plugin url_launcher_android at C:\Users\Samet Can
88\AppData\Local\Pub\Cache\hosted\pub.dev\url_launcher_android-6.3.24\
[  +18 ms] Found plugin shared_preferences at C:\Users\Samet Can
88\AppData\Local\Pub\Cache\hosted\pub.dev\shared_preferences-2.5.3\
[   +5 ms] Found plugin shared_preferences_windows at C:\Users\Samet Can
88\AppData\Local\Pub\Cache\hosted\pub.dev\shared_preferences_windows-2.4.1\
[  +11 ms] Found plugin path_provider_windows at C:\Users\Samet Can
88\AppData\Local\Pub\Cache\hosted\pub.dev\path_provider_windows-2.3.0\
[  +22 ms] Found plugin shared_preferences_web at C:\Users\Samet Can
88\AppData\Local\Pub\Cache\hosted\pub.dev\shared_preferences_web-2.4.3\
[   +7 ms] Found plugin shared_preferences_linux at C:\Users\Samet Can
88\AppData\Local\Pub\Cache\hosted\pub.dev\shared_preferences_linux-2.4.1\
[   +5 ms] Found plugin path_provider_linux at C:\Users\Samet Can
88\AppData\Local\Pub\Cache\hosted\pub.dev\path_provider_linux-2.2.1\
[  +13 ms] Found plugin shared_preferences_foundation at C:\Users\Samet Can
88\AppData\Local\Pub\Cache\hosted\pub.dev\shared_preferences_foundation-2.5.5\
[   +8 ms] Found plugin shared_preferences_android at C:\Users\Samet Can
88\AppData\Local\Pub\Cache\hosted\pub.dev\shared_preferences_android-2.4.15\
[  +56 ms] Generating C:\Projects\NewAI_AI\android\app\src\main\java\io\flutter\plugins\GeneratedPluginRegistrant.java
[   +4 ms] Skipping generating GeneratedPluginRegistrant.java because it is up-to-date.
[  +20 ms] Skipping generating generated_plugin_registrant.h because it is up-to-date.
[   +9 ms] Skipping generating generated_plugin_registrant.cc because it is up-to-date.
[   +4 ms] Skipping generating generated_plugins.cmake because it is up-to-date.
[  +12 ms] Skipping generating generated_plugin_registrant.h because it is up-to-date.
[   +3 ms] Skipping generating generated_plugin_registrant.cc because it is up-to-date.
[   +4 ms] Skipping generating generated_plugins.cmake because it is up-to-date.
[  +12 ms] Skipping generating GeneratedPluginRegistrant.h because it is up-to-date.
[   +4 ms] Skipping generating GeneratedPluginRegistrant.m because it is up-to-date.
[   +8 ms] Skipping generating GeneratedPluginRegistrant.swift because it is up-to-date.
[ +209 ms] executing: C:\Program Files\Android\Android Studio\jbr\bin\java -version
[ +383 ms] Exit code 0 from: C:\Program Files\Android\Android Studio\jbr\bin\java -version
[        ] openjdk version "21.0.8" 2025-07-15
           OpenJDK Runtime Environment (build 21.0.8+-14018985-b1038.68)
           OpenJDK 64-Bit Server VM (build 21.0.8+-14018985-b1038.68, mixed mode)
[   +8 ms] executing: C:\Program Files\Android\Android Studio1\jbr\bin\java -version
[ +412 ms] Exit code 0 from: C:\Program Files\Android\Android Studio1\jbr\bin\java -version
[        ] openjdk version "21.0.8" 2025-07-15
           OpenJDK Runtime Environment (build 21.0.8+-14018985-b1038.68)
           OpenJDK 64-Bit Server VM (build 21.0.8+-14018985-b1038.68, mixed mode)
[  +79 ms] executing: C:\Program Files\Android\Android Studio1\jbr\bin\java --version
[ +329 ms] Exit code 0 from: C:\Program Files\Android\Android Studio1\jbr\bin\java --version
[        ] openjdk 21.0.8 2025-07-15
           OpenJDK Runtime Environment (build 21.0.8+-14018985-b1038.68)
           OpenJDK 64-Bit Server VM (build 21.0.8+-14018985-b1038.68, mixed mode)
[   +4 ms] Version of Java is different than impacted version, no migration attempted.
[  +89 ms] Migrating build.gradle contents
[   +1 ms] Upgrading build.gradle
[   +6 ms] CMake project not found, skipping support Android 15 16k page size migration.
[  +43 ms] Using gradle from C:\Projects\NewAI_AI\android\gradlew.bat.
[ +110 ms] LocalFile: 'C:\Projects\NewAI_AI\android\build.gradle' provides AGP version from classpath: 7.3.0
[   +8 ms] Running Gradle task 'assembleDebug'...
[   +6 ms] executing: [C:\Projects\NewAI_AI\android/] C:\Projects\NewAI_AI\android\gradlew.bat --full-stacktrace --info
-Pverbose=true -Ptarget-platform=android-arm,android-arm64,android-x64 -Ptarget=lib\main.dart
-Pbase-application-name=android.app.Application
-Pdart-defines=RkxVVFRFUl9WRVJTSU9OPTMuMzUuNw==,RkxVVFRFUl9DSEFOTkVMPXN0YWJsZQ==,RkxVVFRFUl9HSVRfVVJMPWh0dHBzOi8vZ2l0aHV
iLmNvbS9mbHV0dGVyL2ZsdXR0ZXIuZ2l0,RkxVVFRFUl9GUkFNRVdPUktfUkVWSVNJT049YWRjOTAxMDYyNQ==,RkxVVFRFUl9FTkdJTkVfUkVWSVNJT049M
DM1MzE2NTY1YQ==,RkxVVFRFUl9EQVJUX1ZFUlNJT049My45LjI= -Pdart-obfuscation=false -Ptrack-widget-creation=true
-Ptree-shake-icons=false assembleDebug
[+3181 ms] Initialized native services in: C:\Users\Samet Can 88\.gradle\native
[  +52 ms] Initialized jansi services in: C:\Users\Samet Can 88\.gradle\native
[ +868 ms] Removing daemon from the registry due to communication failure. Daemon information: DaemonInfo{pid=10560,
address=[74965ce7-5267-4de0-80b2-4eac33c97117 port:56611, addresses:[/127.0.0.1]], state=Idle, lastBusy=1763216769907,
context=DefaultDaemonContext[uid=4a799dd7-5cc4-414e-884d-6701880ab3a3,javaHome=C:\JDK,javaVersion=17,javaVendor=Oracle
Corporation,daemonRegistryDir=C:\Users\Samet Can
88\.gradle\daemon,pid=10560,idleTimeout=10800000,priority=NORMAL,applyInstrumentationAgent=true,nativeServicesMode=ENABL
ED,daemonOpts=-Xmx2048m,-Dfile.encoding=UTF-8,-Duser.country=TR,-Duser.language=tr,-Duser.variant]}
[ +428 ms] Removing 1 daemon stop events from registry
[ +110 ms] Previous Daemon (10560) stopped at Sat Nov 15 19:05:33 TRT 2025 by user or operating system
[   +4 ms] Starting a Gradle Daemon, 1 incompatible and 1 stopped Daemons could not be reused, use --status for details
[  +43 ms] Starting process 'command 'C:\JDK\bin\java.exe''. Working directory: C:\Users\Samet Can
88\.gradle\.tmp\tmp-jvm4740647057981179038probe Command: C:\JDK\bin\java.exe -Xmx32m -Xms32m -cp . JavaProbe
[ +102 ms] Successfully started process 'command 'C:\JDK\bin\java.exe''
[ +700 ms] Received JVM installation metadata from 'C:\JDK': {JAVA_HOME=C:\JDK, JAVA_VERSION=17.0.12, JAVA_VENDOR=Oracle
Corporation, RUNTIME_NAME=Java(TM) SE Runtime Environment, RUNTIME_VERSION=17.0.12+8-LTS-286, VM_NAME=Java HotSpot(TM)
64-Bit Server VM, VM_VERSION=17.0.12+8-LTS-286, VM_VENDOR=Oracle Corporation, OS_ARCH=amd64}
[ +422 ms] Starting process 'Gradle build daemon'. Working directory: C:\Users\Samet Can 88\.gradle\daemon\8.12 Command:
C:\JDK\bin\java.exe --add-opens=java.base/java.lang=ALL-UNNAMED --add-opens=java.base/java.lang.invoke=ALL-UNNAMED
--add-opens=java.base/java.util=ALL-UNNAMED --add-opens=java.prefs/java.util.prefs=ALL-UNNAMED
--add-exports=jdk.compiler/com.sun.tools.javac.api=ALL-UNNAMED
--add-exports=jdk.compiler/com.sun.tools.javac.util=ALL-UNNAMED --add-opens=java.base/java.util=ALL-UNNAMED
--add-opens=java.prefs/java.util.prefs=ALL-UNNAMED --add-opens=java.base/java.nio.charset=ALL-UNNAMED
--add-opens=java.base/java.net=ALL-UNNAMED --add-opens=java.base/java.util.concurrent.atomic=ALL-UNNAMED
--add-opens=java.xml/javax.xml.namespace=ALL-UNNAMED -Xmx2048m -Dfile.encoding=UTF-8 -Duser.country=TR
-Duser.language=tr -Duser.variant -cp C:\Users\Samet Can
88\.gradle\wrapper\dists\gradle-8.12-all\ejduaidbjup3bmmkhw3rie4zb\gradle-8.12\lib\gradle-daemon-main-8.12.jar
-javaagent:C:\Users\Samet Can
88\.gradle\wrapper\dists\gradle-8.12-all\ejduaidbjup3bmmkhw3rie4zb\gradle-8.12\lib\agents\gradle-instrumentation-agent-8
.12.jar org.gradle.launcher.daemon.bootstrap.GradleDaemon 8.12
[   +6 ms] Successfully started process 'Gradle build daemon'
[+7057 ms] An attempt to start the daemon took 6.963 secs.
[ +647 ms] The client will now receive all logging from the daemon (pid: 12740). The daemon log file: C:\Users\Samet Can
88\.gradle\daemon\8.12\daemon-12740.out.log
[  +45 ms] Starting build in new daemon [memory: 2 GiB]
[+1822 ms] Using 2 worker leases.
[+1065 ms] Received JVM installation metadata from 'C:\JDK': {JAVA_HOME=C:\JDK, JAVA_VERSION=17.0.12, JAVA_VENDOR=Oracle
Corporation, RUNTIME_NAME=OpenJDK Runtime Environment, RUNTIME_VERSION=17.0.12+8-LTS-286, VM_NAME=Java HotSpot(TM)
64-Bit Server VM, VM_VERSION=17.0.12+8-LTS-286, VM_VENDOR=Oracle Corporation, OS_ARCH=amd64}
[+1685 ms] Watching the file system is configured to be enabled if available
[   +2 ms] Now considering [C:\Projects\NewAI_AI\android] as hierarchies to watch
[   +4 ms] File system watching is active
[+2941 ms] Starting Build
[+13154 ms] Now considering [C:\flutter\packages\flutter_tools\gradle, C:\Projects\NewAI_AI\androi[+2941 ms] Starting Build
[+13154 ms] Now considering [C:\flutter\packages\flutter_tools\gradle, C:\Projects\NewAI_AI\android] as hierarchies to
watch
[+3351 ms] > Configure project :gradle
[   +2 ms] Evaluating project ':gradle' using build file 'C:\flutter\packages\flutter_tools\gradle\build.gradle.kts'.
[ +100 ms] Resolved plugin [id: 'org.gradle.java-gradle-plugin']
[   +2 ms] Resolved plugin [id: 'org.gradle.groovy']
[+1104 ms] Resolved plugin [id: 'org.gradle.kotlin.kotlin-dsl', version: '5.1.2']
[   +2 ms] Resolved plugin [id: 'org.jetbrains.kotlin.jvm', version: '1.9.20']
[+13884 ms] Using Kotlin Gradle Plugin gradle85 variant
[+1583 ms] kotlin scripting plugin: created the scripting discovery configuration: kotlinScriptDef
[ +120 ms] kotlin scripting plugin: created the scripting discovery configuration: testKotlinScriptDef
[+1376 ms] file or directory 'C:\flutter\packages\flutter_tools\gradle\src\main\java', not found
[+2803 ms] Resolved plugin [id: 'dev.flutter.flutter-plugin-loader', version: '1.0.0']
[   +4 ms] Resolved plugin [id: 'com.android.application', version: '8.9.1', apply: false]
[ +117 ms] Resolved plugin [id: 'org.jetbrains.kotlin.android', version: '2.1.0', apply: false]
[ +990 ms] Resolve mutations for :gradle:checkKotlinGradlePluginConfigurationErrors (Thread[included builds,5,main])
started.
[  +96 ms] :gradle:checkKotlinGradlePluginConfigurationErrors (Thread[included builds,5,main]) started.
[ +253 ms] > Task :gradle:checkKotlinGradlePluginConfigurationErrors SKIPPED
[  +75 ms] Skipping task ':gradle:checkKotlinGradlePluginConfigurationErrors' as task onlyIf 'errorDiagnostics are
present' is false.
[  +75 ms] Resolve mutations for :gradle:compileKotlin (Thread[included builds,5,main]) started.
[  +31 ms] :gradle:compileKotlin (Thread[included builds,5,main]) started.
[+3176 ms] > Task :gradle:compileKotlin
[  +27 ms] Caching disabled for task ':gradle:compileKotlin' because:
[   +2 ms]   Build cache is disabled
[   +7 ms] Skipping task ':gradle:compileKotlin' as it is up-to-date.
[ +165 ms] > Task :gradle:compileKotlin UP-TO-DATE
[ +100 ms] Resolve mutations for :gradle:compileJava (Thread[included builds,5,main]) started.
[ +151 ms] :gradle:compileJava (Thread[Execution worker,5,main]) started.
[  +17 ms] > Task :gradle:compileJava NO-SOURCE
[   +1 ms] Skipping task ':gradle:compileJava' as it has no source files and no previous output files.
[        ] Resolve mutations for :gradle:compileGroovy (Thread[Execution worker,5,main]) started.
[   +2 ms] :gradle:compileGroovy (Thread[included builds,5,main]) started.
[   +2 ms] > Task :gradle:compileGroovy NO-SOURCE
[   +1 ms] Skipping task ':gradle:compileGroovy' as it has no source files and no previous output files.
[        ] Resolve mutations for :gradle:pluginDescriptors (Thread[included builds,5,main]) started.
[   +4 ms] :gradle:pluginDescriptors (Thread[included builds,5,main]) started.
[   +3 ms] > Task :gradle:pluginDescriptors UP-TO-DATE
[   +1 ms] Caching disabled for task ':gradle:pluginDescriptors' because:
[        ]   Build cache is disabled
[   +9 ms]   Not worth caching
[   +1 ms] Skipping task ':gradle:pluginDescriptors' as it is up-to-date.
[  +18 ms] Resolve mutations for :gradle:processResources (Thread[Execution worker,5,main]) started.
[   +5 ms] :gradle:processResources (Thread[Execution worker,5,main]) started.
[   +1 ms] > Task :gradle:processResources UP-TO-DATE
[   +3 ms] Caching disabled for task ':gradle:processResources' because:
[  +61 ms]   Build cache is disabled
[   +1 ms]   Not worth caching
[   +3 ms] Skipping task ':gradle:processResources' as it is up-to-date.
[   +5 ms] Resolve mutations for :gradle:classes (Thread[included builds,5,main]) started.
[   +2 ms] :gradle:classes (Thread[included builds,5,main]) started.
[   +1 ms] > Task :gradle:classes UP-TO-DATE
[        ] Skipping task ':gradle:classes' as it has no actions.
[        ] Resolve mutations for :gradle:jar (Thread[included builds,5,main]) started.
[   +2 ms] :gradle:jar (Thread[included builds,5,main]) started.
[   +6 ms] > Task :gradle:jar UP-TO-DATE
[   +1 ms] Caching disabled for task ':gradle:jar' because:
[        ]   Build cache is disabled
[   +2 ms]   Not worth caching
[   +1 ms] Skipping task ':gradle:jar' as it is up-to-date.d] as hierarchies to
watch[   +1 ms] Skipping task ':gradle:jar' as it is up-to-date.
[+22912 ms] Settings evaluated using settings file 'C:\Projects\NewAI_AI\android\settings.gradle.kts'.
[  +21 ms] Projects loaded. Root project using build file 'C:\Projects\NewAI_AI\android\build.gradle'.
[ +148 ms] Included projects: [root project 'android', project ':app', project ':shared_preferences_android', project
':url_launcher_android']
[+1790 ms] > Configure project :
[   +2 ms] Evaluating root project 'android' using build file 'C:\Projects\NewAI_AI\android\build.gradle'.[ +148 ms] Included projects: [root project 'android', project ':app', project ':shared_preferences_android', project
':url_launcher_android']
[+1790 ms] > Configure project :
[   +2 ms] Evaluating root project 'android' using build file 'C:\Projects\NewAI_AI\android\build.gradle'.
[+16796 ms] > Configure project :app
[   +3 ms] Evaluating project ':app' using build file 'C:\Projects\NewAI_AI\android\app\build.gradle'.
[   +4 ms] Caching disabled for Groovy DSL script compilation (cp_proj) because:
[   +1 ms]   Build cache is disabled
[   +1 ms]   Not worth caching.
[  +10 ms] Compiling build file 'C:\Projects\NewAI_AI\android\app\build.gradle' using SubsetScriptTransformer.
[+1419 ms] [Incubating] Problems report is available at:
file:///C:/Projects/NewAI_AI/android/build/reports/problems/problems-report.html
[ +380 ms] FAILURE: Build failed with an exception.
[ +399 ms] * Where:
[   +8 ms] Build file 'C:\Projects\NewAI_AI\android\app\build.gradle' line: 109
[   +3 ms] * What went wrong:
[   +3 ms] Could not compile build file 'C:\Projects\NewAI_AI\android\app\build.gradle'.
[   +1 ms] > startup failed:
[  +70 ms]   build file 'C:\Projects\NewAI_AI\android\app\build.gradle': 109: Unexpected input: '{\n        release {\n
// Sadece release build için özel imzalama konfigürasyonu\n            // Debug buildlerinde varsayılan hata ayıklama
anahtarları kullanılacaktır.\n            signingConfig signingConfigs.release\n            minifyEnabled true\n
shrinkResources true\n            proguardFiles getDefaultProguardFile('proguard-android-optimize.txt'),
'proguard-rules.pro'\n        }\n        debug {\n            // Debug buildler için özel bir imzalama konfigürasyonu
belirtmiyoruz,\n            // Android'in varsayılan debug anahtarlarını kullanacaktır.\n            // Bu, 'flutter
run' komutunun çalışmasını sağlar.\n            // Bu bloğu boş bırakmak, varsayılan debug imzasını kullanmak
demektir.\n        }\n    }\n}' @ line 109, column 1.
[  +47 ms]      }
[  +17 ms]      ^
[   +4 ms]   1 error
[  +11 ms] * Try:
[   +2 ms] > Run with --debug option to get more log output.
[        ] > Run with --scan to get full insights.
[        ] > Get more help at https://help.gradle.org.
[  +15 ms] * Exception is:
[  +25 ms] org.gradle.groovy.scripts.ScriptCompilationException: Could not compile build file
'C:\Projects\NewAI_AI\android\app\build.gradle'.
[   +4 ms]      at
org.gradle.groovy.scripts.internal.DefaultScriptCompilationHandler.lambda$wrapCompilationFailure$0(DefaultScriptCompilat
ionHandler.java:224)
[   +6 ms]      at org.gradle.api.problems.internal.DefaultProblemReporter.throwing(DefaultProblemReporter.java:69)
[   +2 ms]      at
org.gradle.groovy.scripts.internal.DefaultScriptCompilationHandler.wrapCompilationFailure(DefaultScriptCompilationHandle
r.java:219)
[   +1 ms]      at
org.gradle.groovy.scripts.internal.DefaultScriptCompilationHandler.compileScript(DefaultScriptCompilationHandler.java:16
2)
[   +1 ms]      at
org.gradle.groovy.scripts.internal.DefaultScriptCompilationHandler.compileToDir(DefaultScriptCompilationHandler.java:112
)
[   +8 ms]      at
org.gradle.groovy.scripts.internal.BuildOperationBackedScriptCompilationHandler$2.run(BuildOperationBackedScriptCompilat
ionHandler.java:54)
[  +15 ms]      at org.gradle.internal.operations.DefaultBuildOperationRunner$1.execute(DefaultBuildOperationRunner.java:29)
[   +2 ms]      at org.gradle.internal.operations.DefaultBuildOperationRunner$1.execute(DefaultBuildOperationRunner.java:26)
[  +28 ms]      at org.gradle.internal.operations.DefaultBuildOperationRunner$2.execute(DefaultBuildOperationRunner.java:66)
[  +10 ms]      at org.gradle.internal.operations.DefaultBuildOperationRunner$2.execute(DefaultBuildOperationRunner.java:59)
[   +1 ms]      at org.gradle.internal.operations.DefaultBuildOperationRunner.execute(DefaultBuildOperationRunner.java:166)
[   +5 ms]      at org.gradle.internal.operations.DefaultBuildOperationRunner.execute(DefaultBuildOperationRunner.java:59)
[   +1 ms]      at org.gradle.internal.operations.DefaultBuildOperationRunner.run(DefaultBuildOperationRunner.java:47)
[  +14 ms]      at
org.gradle.groovy.scripts.internal.BuildOperationBackedScriptCompilationHandler.compileToDir(BuildOperationBackedScriptC
ompilationHandler.java:51)
[  +47 ms]      at
org.gradle.groovy.scripts.internal.GroovyScriptClassCompiler$GroovyScriptCompilationAndInstrumentation.compile(GroovyScr
iptClassCompiler.java:295)
[   +4 ms]      at
org.gradle.internal.scripts.BuildScriptCompilationAndInstrumentation.execute(BuildScriptCompilationAndInstrumentation.ja
va:136)
[   +4 ms]      at org.gradle.internal.execution.steps.ExecuteStep.executeInternal(ExecuteStep.java:105)
[   +1 ms]      at org.gradle.internal.execution.steps.ExecuteStep.access$000(ExecuteStep.java:44)
[   +1 ms]      at org.gradle.internal.execution.steps.ExecuteStep$1.call(ExecuteStep.java:59)
[   +3 ms]      at org.gradle.internal.execution.steps.ExecuteStep$1.call(ExecuteStep.java:56)
[   +1 ms]      at
org.gradle.internal.operations.DefaultBuildOperationRunner$CallableBuildOperationWorker.execute(DefaultBuildOperationRun
ner.java:209)
[   +1 ms]      at
org.gradle.internal.operations.DefaultBuildOperationRunner$CallableBuildOperationWorker.execute(DefaultBuildOperationRun
ner.java:204)
[   +1 ms]      at org.gradle.internal.operations.DefaultBuildOperationRunner$2.execute(DefaultBuildOperationRunner.java:66)
[   +1 ms]      at org.gradle.internal.operations.DefaultBuildOperationRunner$2.execute(DefaultBuildOperationRunner.java:59)
[  +12 ms]      at org.gradle.internal.operations.DefaultBuildOperationRunner.execute(DefaultBuildOperationRunner.java:166)
[   +1 ms]      at org.gradle.internal.operations.DefaultBuildOperationRunner.execute(DefaultBuildOperationRunner.java:59)
[   +1 ms]      at org.gradle.internal.operations.DefaultBuildOperationRunner.call(DefaultBuildOperationRunner.java:53)
[   +1 ms]      at org.gradle.internal.execution.steps.ExecuteStep.execute(ExecuteStep.java:56)
[        ]      at org.gradle.internal.execution.steps.ExecuteStep.execute(ExecuteStep.java:44)
[  +12 ms]      at org.gradle.internal.execution.steps.CancelExecutionStep.execute(CancelExecutionStep.java:42)
[   +1 ms]      at org.gradle.internal.execution.steps.TimeoutStep.executeWithoutTimeout(TimeoutStep.java:75)
[        ]      at org.gradle.internal.execution.steps.TimeoutStep.execute(TimeoutStep.java:55)
[   +1 ms]      at
org.gradle.internal.execution.steps.PreCreateOutputParentsStep.execute(PreCreateOutputParentsStep.java:50)
[  +30 ms]      at
org.gradle.internal.execution.steps.PreCreateOutputParentsStep.execute(PreCreateOutputParentsStep.java:28)
[  +12 ms]      at
org.gradle.internal.execution.steps.BroadcastChangingOutputsStep.execute(BroadcastChangingOutputsStep.java:61)
[ +426 ms]      at
org.gradle.internal.execution.steps.BroadcastChangingOutputsStep.execute(BroadcastChangingOutputsStep.java:26)
[ +107 ms]      at org.gradle.internal.execution.steps.NoInputChangesStep.execute(NoInputChangesStep.java:30)
[  +13 ms]      at org.gradle.internal.execution.steps.NoInputChangesStep.execute(NoInputChangesStep.java:21)
[  +36 ms]      at
org.gradle.internal.execution.steps.CaptureOutputsAfterExecutionStep.execute(CaptureOutputsAfterExecutionStep.java:69)
[   +2 ms]      at
org.gradle.internal.execution.steps.CaptureOutputsAfterExecutionStep.execute(CaptureOutputsAfterExecutionStep.java:46)
[   +1 ms]      at org.gradle.internal.execution.steps.BuildCacheStep.executeWithoutCache(BuildCacheStep.java:189)
[   +1 ms]      at org.gradle.internal.execution.steps.BuildCacheStep.lambda$execute$1(BuildCacheStep.java:75)
[        ]      at org.gradle.internal.Either$Right.fold(Either.java:175)
[        ]      at org.gradle.internal.execution.caching.CachingState.fold(CachingState.java:62)
[   +8 ms]      at org.gradle.internal.execution.steps.BuildCacheStep.execute(BuildCacheStep.java:73)
[        ]      at org.gradle.internal.execution.steps.BuildCacheStep.execute(BuildCacheStep.java:48)
[  +11 ms]      at org.gradle.internal.execution.steps.NeverUpToDateStep.execute(NeverUpToDateStep.java:34)
[   +1 ms]      at org.gradle.internal.execution.steps.NeverUpToDateStep.execute(NeverUpToDateStep.java:22)
[   +1 ms]      at
org.gradle.internal.execution.steps.legacy.MarkSnapshottingInputsFinishedStep.execute(MarkSnapshottingInputsFinishedStep
.java:37)
[   +1 ms]      at
org.gradle.internal.execution.steps.legacy.MarkSnapshottingInputsFinishedStep.execute(MarkSnapshottingInputsFinishedStep
.java:27)
[   +1 ms]      at
org.gradle.internal.execution.steps.ResolveNonIncrementalCachingStateStep.executeDelegate(ResolveNonIncrementalCachingSt
ateStep.java:50)
[   +2 ms]      at
org.gradle.internal.execution.steps.AbstractResolveCachingStateStep.execute(AbstractResolveCachingStateStep.java:71)
[   +1 ms]      at
org.gradle.internal.execution.steps.AbstractResolveCachingStateStep.execute(AbstractResolveCachingStateStep.java:39)
[   +1 ms]      at org.gradle.internal.execution.steps.ValidateStep.execute(ValidateStep.java:107)
[   +1 ms]      at org.gradle.internal.execution.steps.ValidateStep.execute(ValidateStep.java:56)
[   +1 ms]      at
org.gradle.internal.execution.steps.AbstractCaptureStateBeforeExecutionStep.execute(AbstractCaptureStateBeforeExecutionS
tep.java:64)
[   +8 ms]      at
org.gradle.internal.execution.steps.AbstractCaptureStateBeforeExecutionStep.execute(AbstractCaptureStateBeforeExecutionS
tep.java:43)
[   +2 ms]      at
org.gradle.internal.execution.steps.legacy.MarkSnapshottingInputsStartedStep.execute(MarkSnapshottingInputsStartedStep.j
ava:38)
[   +1 ms]      at
org.gradle.internal.execution.steps.AssignImmutableWorkspaceStep.lambda$executeInTemporaryWorkspace$3(AssignImmutableWor
kspaceStep.java:209)
[   +1 ms]      at
org.gradle.internal.execution.workspace.impl.CacheBasedImmutableWorkspaceProvider$1.withTemporaryWorkspace(CacheBasedImm
utableWorkspaceProvider.java:116)
[   +1 ms]      at
org.gradle.internal.execution.steps.AssignImmutableWorkspaceStep.executeInTemporaryWorkspace(AssignImmutableWorkspaceSte
p.java:199)
[   +1 ms]      at
org.gradle.internal.execution.steps.AssignImmutableWorkspaceStep.lambda$execute$0(AssignImmutableWorkspaceStep.java:121)
[        ]      at java.base/java.util.Optional.orElseGet(Optional.java:364)
[   +8 ms]      at
org.gradle.internal.execution.steps.AssignImmutableWorkspaceStep.execute(AssignImmutableWorkspaceStep.java:121)
[   +3 ms]      at
org.gradle.internal.execution.steps.AssignImmutableWorkspaceStep.execute(AssignImmutableWorkspaceStep.java:90)
[   +1 ms]      at org.gradle.internal.execution.steps.ChoosePipelineStep.execute(ChoosePipelineStep.java:38)
[   +1 ms]      at org.gradle.internal.execution.steps.ChoosePipelineStep.execute(ChoosePipelineStep.java:23)
[        ]      at
org.gradle.internal.execution.steps.ExecuteWorkBuildOperationFiringStep.lambda$execute$2(ExecuteWorkBuildOperationFiring
Step.java:67)
[  +13 ms]      at java.base/java.util.Optional.orElseGet(Optional.java:364)
[   +1 ms]      at
org.gradle.internal.execution.steps.ExecuteWorkBuildOperationFiringStep.execute(ExecuteWorkBuildOperationFiringStep.java
:67)
[   +1 ms]      at
org.gradle.internal.execution.steps.ExecuteWorkBuildOperationFiringStep.execute(ExecuteWorkBuildOperationFiringStep.java
:39)
[        ]      at org.gradle.internal.execution.steps.IdentityCacheStep.execute(IdentityCacheStep.java:46)
[        ]      at org.gradle.internal.execution.steps.IdentityCacheStep.execute(IdentityCacheStep.java:34)
[        ]      at org.gradle.internal.execution.steps.IdentifyStep.execute(IdentifyStep.java:48)
[   +2 ms]      at org.gradle.internal.execution.steps.IdentifyStep.execute(IdentifyStep.java:35)
[   +2 ms]      at org.gradle.internal.execution.impl.DefaultExecutionEngine$1.execute(DefaultExecutionEngine.java:61)
[   +1 ms]      at
org.gradle.groovy.scripts.internal.GroovyScriptClassCompiler.doCompile(GroovyScriptClassCompiler.java:167)
[        ]      at org.gradle.groovy.scripts.internal.GroovyScriptClassCompiler.compile(GroovyScriptClassCompiler.java:129)
[   +1 ms]      at
org.gradle.groovy.scripts.internal.CrossBuildInMemoryCachingScriptClassCache.getOrCompile(CrossBuildInMemoryCachingScrip
tClassCache.java:53)
[   +1 ms]      at
org.gradle.groovy.scripts.internal.BuildScopeInMemoryCachingScriptClassCompiler.compile(BuildScopeInMemoryCachingScriptC
lassCompiler.java:50)
[        ]      at
org.gradle.groovy.scripts.DefaultScriptCompilerFactory$ScriptCompilerImpl.compile(DefaultScriptCompilerFactory.java:49)
[   +1 ms]      at
org.gradle.configuration.DefaultScriptPluginFactory$ScriptPluginImpl.apply(DefaultScriptPluginFactory.java:117)
[   +1 ms]      at org.gradle.configuration.BuildOperationScriptPlugin$1.run(BuildOperationScriptPlugin.java:68)
[        ]      at org.gradle.internal.operations.DefaultBuildOperationRunner$1.execute(DefaultBuildOperationRunner.java:29)
[   +1 ms]      at org.gradle.internal.operations.DefaultBuildOperationRunner$1.execute(DefaultBuildOperationRunner.java:26)
[        ]      at org.gradle.internal.operations.DefaultBuildOperationRunner$2.execute(DefaultBuildOperationRunner.java:66)
[        ]      at org.gradle.internal.operations.DefaultBuildOperationRunner$2.execute(DefaultBuildOperationRunner.java:59)
[        ]      at org.gradle.internal.operations.DefaultBuildOperationRunner.execute(DefaultBuildOperationRunner.java:166)
[   +6 ms]      at org.gradle.internal.operations.DefaultBuildOperationRunner.execute(DefaultBuildOperationRunner.java:59)
[   +1 ms]      at org.gradle.internal.operations.DefaultBuildOperationRunner.run(DefaultBuildOperationRunner.java:47)
[   +1 ms]      at org.gradle.configuration.BuildOperationScriptPlugin.lambda$apply$0(BuildOperationScriptPlugin.java:65)
[        ]      at
org.gradle.internal.code.DefaultUserCodeApplicationContext.apply(DefaultUserCodeApplicationContext.java:44)
[   +1 ms]      at org.gradle.configuration.BuildOperationScriptPlugin.apply(BuildOperationScriptPlugin.java:65)
[   +1 ms]      at
org.gradle.api.internal.project.DefaultProjectStateRegistry$ProjectStateImpl.lambda$applyToMutableState$1(DefaultProject
StateRegistry.java:411)
[   +1 ms]      at
org.gradle.api.internal.project.DefaultProjectStateRegistry$ProjectStateImpl.fromMutableState(DefaultProjectStateRegistr
y.java:429)
[   +1 ms]      at
org.gradle.api.internal.project.DefaultProjectStateRegistry$ProjectStateImpl.applyToMutableState(DefaultProjectStateRegi
stry.java:410)
[        ]      at org.gradle.configuration.project.BuildScriptProcessor.execute(BuildScriptProcessor.java:46)
[   +8 ms]      at org.gradle.configuration.project.BuildScriptProcessor.execute(BuildScriptProcessor.java:27)
[   +1 ms]      at
org.gradle.configuration.project.ConfigureActionsProjectEvaluator.evaluate(ConfigureActionsProjectEvaluator.java:35)
[   +1 ms]      at
org.gradle.configuration.project.LifecycleProjectEvaluator$EvaluateProject.lambda$run$0(LifecycleProjectEvaluator.java:1
09)
[   +1 ms]      at
org.gradle.api.internal.project.DefaultProjectStateRegistry$ProjectStateImpl.lambda$applyToMutableState$1(DefaultProject
StateRegistry.java:411)
[   +1 ms]      at
org.gradle.api.internal.project.DefaultProjectStateRegistry$ProjectStateImpl.lambda$fromMutableState$2(DefaultProjectSta
teRegistry.java:434)
[   +1 ms]      at org.gradle.internal.work.DefaultWorkerLeaseService.withReplacedLocks(DefaultWorkerLeaseService.java:359)
[  +12 ms]      at
org.gradle.api.internal.project.DefaultProjectStateRegistry$ProjectStateImpl.fromMutableState(DefaultProjectStateRegistr
y.java:434)
[   +1 ms]      at
org.gradle.api.internal.project.DefaultProjectStateRegistry$ProjectStateImpl.applyToMutableState(DefaultProjectStateRegi
stry.java:410)
[   +1 ms]      at
org.gradle.configuration.project.LifecycleProjectEvaluator$EvaluateProject.run(LifecycleProjectEvaluator.java:100)
[   +1 ms]      at org.gradle.internal.operations.DefaultBuildOperationRunner$1.execute(DefaultBuildOperationRunner.java:29)
[   +1 ms]      at org.gradle.internal.operations.DefaultBuildOperationRunner$1.execute(DefaultBuildOperationRunner.java:26)
[   +7 ms]      at org.gradle.internal.operations.DefaultBuildOperationRunner$2.execute(DefaultBuildOperationRunner.java:66)
[   +1 ms]      at org.gradle.internal.operations.DefaultBuildOperationRunner$2.execute(DefaultBuildOperationRunner.java:59)
[   +1 ms]      at org.gradle.internal.operations.DefaultBuildOperationRunner.execute(DefaultBuildOperationRunner.java:166)
[   +1 ms]      at org.gradle.internal.operations.DefaultBuildOperationRunner.execute(DefaultBuildOperationRunner.java:59)
[   +1 ms]      at org.gradle.internal.operations.DefaultBuildOperationRunner.run(DefaultBuildOperationRunner.java:47)
[   +2 ms]      at org.gradle.configuration.project.LifecycleProjectEvaluator.evaluate(LifecycleProjectEvaluator.java:72)
[        ]      at org.gradle.api.internal.project.DefaultProject.evaluateUnchecked(DefaultProject.java:828)
[        ]      at
org.gradle.api.internal.project.ProjectLifecycleController.lambda$ensureSelfConfigured$2(ProjectLifecycleController.java
:85)
[  +10 ms]      at
org.gradle.internal.model.StateTransitionController.lambda$doTransition$14(StateTransitionController.java:255)
[        ]      at org.gradle.internal.model.StateTransitionController.doTransition(StateTransitionController.java:266)
[        ]      at org.gradle.internal.model.StateTransitionController.doTransition(StateTransitionController.java:254)
[   +1 ms]      at
org.gradle.internal.model.StateTransitionController.lambda$maybeTransitionIfNotCurrentlyTransitioning$10(StateTransition
Controller.java:199)
[   +2 ms]      at org.gradle.internal.work.DefaultSynchronizer.withLock(DefaultSynchronizer.java:36)
[   +7 ms]      at
org.gradle.internal.model.StateTransitionController.maybeTransitionIfNotCurrentlyTransitioning(StateTransitionController
.java:195)
[   +1 ms]      at
org.gradle.api.internal.project.ProjectLifecycleController.ensureSelfConfigured(ProjectLifecycleController.java:85)
[   +1 ms]      at
org.gradle.api.internal.project.DefaultProjectStateRegistry$ProjectStateImpl.ensureConfigured(DefaultProjectStateRegistr
y.java:385)
[   +1 ms]      at org.gradle.execution.TaskPathProjectEvaluator.configure(TaskPathProjectEvaluator.java:42)
[        ]      at org.gradle.execution.TaskPathProjectEvaluator.configureHierarchy(TaskPathProjectEvaluator.java:58)
[        ]      at org.gradle.configuration.DefaultProjectsPreparer.prepareProjects(DefaultProjectsPreparer.java:50)
[   +1 ms]      at
org.gradle.configuration.BuildTreePreparingProjectsPreparer.prepareProjects(BuildTreePreparingProjectsPreparer.java:65)
[   +1 ms]      at
org.gradle.configuration.BuildOperationFiringProjectsPreparer$ConfigureBuild.run(BuildOperationFiringProjectsPreparer.ja
va:52)
[        ]      at org.gradle.internal.operations.DefaultBuildOperationRunner$1.execute(DefaultBuildOperationRunner.java:29)
[   +6 ms]      at org.gradle.internal.operations.DefaultBuildOperationRunner$1.execute(DefaultBuildOperationRunner.java:26)
[   +1 ms]      at org.gradle.internal.operations.DefaultBuildOperationRunner$2.execute(DefaultBuildOperationRunner.java:66)
[        ]      at org.gradle.internal.operations.DefaultBuildOperationRunner$2.execute(DefaultBuildOperationRunner.java:59)
[   +1 ms]      at org.gradle.internal.operations.DefaultBuildOperationRunner.execute(DefaultBuildOperationRunner.java:166)
[        ]      at org.gradle.internal.operations.DefaultBuildOperationRunner.execute(DefaultBuildOperationRunner.java:59)
[        ]      at org.gradle.internal.operations.DefaultBuildOperationRunner.run(DefaultBuildOperationRunner.java:47)
[   +1 ms]      at
org.gradle.configuration.BuildOperationFiringProjectsPreparer.prepareProjects(BuildOperationFiringProjectsPreparer.java:
40)
[   +1 ms]      at
org.gradle.initialization.VintageBuildModelController.lambda$prepareProjects$2(VintageBuildModelController.java:84)
[   +1 ms]      at
org.gradle.internal.model.StateTransitionController.lambda$doTransition$14(StateTransitionController.java:255)
[   +1 ms]      at org.gradle.internal.model.StateTransitionController.doTransition(StateTransitionController.java:266)
[   +6 ms]      at org.gradle.internal.model.StateTransitionController.doTransition(StateTransitionController.java:254)
[   +1 ms]      at
org.gradle.internal.model.StateTransitionController.lambda$transitionIfNotPreviously$11(StateTransitionController.java:2
13)
[        ]      at org.gradle.internal.work.DefaultSynchronizer.withLock(DefaultSynchronizer.java:36)
[        ]      at
org.gradle.internal.model.StateTransitionController.transitionIfNotPreviously(StateTransitionController.java:209)
[   +1 ms]      at
org.gradle.initialization.VintageBuildModelController.prepareProjects(VintageBuildModelController.java:84)
[        ]      at
org.gradle.initialization.VintageBuildModelController.prepareToScheduleTasks(VintageBuildModelController.java:71)
[   +1 ms]      at
org.gradle.internal.build.DefaultBuildLifecycleController.lambda$prepareToScheduleTasks$6(DefaultBuildLifecycleControlle
r.java:175)
[        ]      at
org.gradle.internal.model.StateTransitionController.lambda$doTransition$14(StateTransitionController.java:255)
[   +1 ms]      at org.gradle.internal.model.StateTransitionController.doTransition(StateTransitionController.java:266)
[   +2 ms]      at org.gradle.internal.model.StateTransitionController.doTransition(StateTransitionController.java:254)
[   +6 ms]      at
org.gradle.internal.model.StateTransitionController.lambda$maybeTransition$9(StateTransitionController.java:190)
[        ]      at org.gradle.internal.work.DefaultSynchronizer.withLock(DefaultSynchronizer.java:36)
[        ]      at org.gradle.internal.model.StateTransitionController.maybeTransition(StateTransitionController.java:186)
[   +1 ms]      at
org.gradle.internal.build.DefaultBuildLifecycleController.prepareToScheduleTasks(DefaultBuildLifecycleController.java:17
3)
[        ]      at
org.gradle.internal.buildtree.DefaultBuildTreeWorkPreparer.scheduleRequestedTasks(DefaultBuildTreeWorkPreparer.java:36)
[   +1 ms]      at
org.gradle.internal.cc.impl.VintageBuildTreeWorkController$scheduleAndRunRequestedTasks$1.apply(VintageBuildTreeWorkCont
roller.kt:36)
[   +3 ms]      at
org.gradle.internal.cc.impl.VintageBuildTreeWorkController$scheduleAndRunRequestedTasks$1.apply(VintageBuildTreeWorkCont
roller.kt:35)
[   +6 ms]      at
org.gradle.composite.internal.DefaultIncludedBuildTaskGraph.withNewWorkGraph(DefaultIncludedBuildTaskGraph.java:112)
[   +1 ms]      at
org.gradle.internal.cc.impl.VintageBuildTreeWorkController.scheduleAndRunRequestedTasks(VintageBuildTreeWorkController.k
t:35)
[   +2 ms]      at
org.gradle.internal.buildtree.DefaultBuildTreeLifecycleController.lambda$scheduleAndRunTasks$1(DefaultBuildTreeLifecycle
Controller.java:77)
[   +1 ms]      at
org.gradle.internal.buildtree.DefaultBuildTreeLifecycleController.lambda$runBuild$4(DefaultBuildTreeLifecycleController.
java:120)
[   +1 ms]      at
org.gradle.internal.model.StateTransitionController.lambda$transition$6(StateTransitionController.java:169)
[   +1 ms]      at org.gradle.internal.model.StateTransitionController.doTransition(StateTransitionController.java:266)
[   +1 ms]      at
org.gradle.internal.model.StateTransitionController.lambda$transition$7(StateTransitionController.java:169)
[        ]      at org.gradle.internal.work.DefaultSynchronizer.withLock(DefaultSynchronizer.java:46)
[   +1 ms]      at org.gradle.internal.model.StateTransitionController.transition(StateTransitionController.java:169)
[   +5 ms]      at
org.gradle.internal.buildtree.DefaultBuildTreeLifecycleController.runBuild(DefaultBuildTreeLifecycleController.java:117)
[   +1 ms]      at
org.gradle.internal.buildtree.DefaultBuildTreeLifecycleController.scheduleAndRunTasks(DefaultBuildTreeLifecycleControlle
r.java:77)
[   +1 ms]      at
org.gradle.internal.buildtree.DefaultBuildTreeLifecycleController.scheduleAndRunTasks(DefaultBuildTreeLifecycleControlle
r.java:72)
[        ]      at org.gradle.tooling.internal.provider.ExecuteBuildActionRunner.run(ExecuteBuildActionRunner.java:31)
[   +1 ms]      at org.gradle.launcher.exec.ChainingBuildActionRunner.run(ChainingBuildActionRunner.java:35)
[        ]      at
org.gradle.internal.buildtree.ProblemReportingBuildActionRunner.run(ProblemReportingBuildActionRunner.java:49)
[   +1 ms]      at
org.gradle.launcher.exec.BuildOutcomeReportingBuildActionRunner.run(BuildOutcomeReportingBuildActionRunner.java:71)
[   +1 ms]      at
org.gradle.tooling.internal.provider.FileSystemWatchingBuildActionRunner.run(FileSystemWatchingBuildActionRunner.java:13
5)
[   +1 ms]      at
org.gradle.launcher.exec.BuildCompletionNotifyingBuildActionRunner.run(BuildCompletionNotifyingBuildActionRunner.java:41
)
[   +1 ms]      at
org.gradle.launcher.exec.RootBuildLifecycleBuildActionExecutor.lambda$execute$0(RootBuildLifecycleBuildActionExecutor.ja
va:54)
[   +6 ms]      at org.gradle.composite.internal.DefaultRootBuildState.run(DefaultRootBuildState.java:130)
[   +1 ms]      at
org.gradle.launcher.exec.RootBuildLifecycleBuildActionExecutor.execute(RootBuildLifecycleBuildActionExecutor.java:54)
[   +1 ms]      at
org.gradle.internal.buildtree.InitDeprecationLoggingActionExecutor.execute(InitDeprecationLoggingActionExecutor.java:62)
[        ]      at org.gradle.internal.buildtree.InitProblems.execute(InitProblems.java:36)
[        ]      at org.gradle.internal.buildtree.DefaultBuildTreeContext.execute(DefaultBuildTreeContext.java:40)
[   +1 ms]      at
org.gradle.launcher.exec.BuildTreeLifecycleBuildActionExecutor.lambda$execute$0(BuildTreeLifecycleBuildActionExecutor.ja
va:71)
[   +1 ms]      at org.gradle.internal.buildtree.BuildTreeState.run(BuildTreeState.java:60)
[        ]      at
org.gradle.launcher.exec.BuildTreeLifecycleBuildActionExecutor.execute(BuildTreeLifecycleBuildActionExecutor.java:71)
[   +1 ms]      at
org.gradle.launcher.exec.RunAsBuildOperationBuildActionExecutor$2.call(RunAsBuildOperationBuildActionExecutor.java:67)
[   +1 ms]      at
org.gradle.launcher.exec.RunAsBuildOperationBuildActionExecutor$2.call(RunAsBuildOperationBuildActionExecutor.java:63)
[   +8 ms]      at
org.gradle.internal.operations.DefaultBuildOperationRunner$CallableBuildOperationWorker.execute(DefaultBuildOperationRun
ner.java:209)
[   +1 ms]      at
org.gradle.internal.operations.DefaultBuildOperationRunner$CallableBuildOperationWorker.execute(DefaultBuildOperationRun
ner.java:204)
[   +1 ms]      at org.gradle.internal.operations.DefaultBuildOperationRunner$2.execute(DefaultBuildOperationRunner.java:66)
[   +1 ms]      at org.gradle.internal.operations.DefaultBuildOperationRunner$2.execute(DefaultBuildOperationRunner.java:59)
[        ]      at org.gradle.internal.operations.DefaultBuildOperationRunner.execute(DefaultBuildOperationRunner.java:166)
[   +2 ms]      at org.gradle.internal.operations.DefaultBuildOperationRunner.execute(DefaultBuildOperationRunner.java:59)
[        ]      at org.gradle.internal.operations.DefaultBuildOperationRunner.call(DefaultBuildOperationRunner.java:53)
[   +1 ms]      at
org.gradle.launcher.exec.RunAsBuildOperationBuildActionExecutor.execute(RunAsBuildOperationBuildActionExecutor.java:63)
[   +1 ms]      at
org.gradle.launcher.exec.RunAsWorkerThreadBuildActionExecutor.lambda$execute$0(RunAsWorkerThreadBuildActionExecutor.java
:36)
[   +1 ms]      at org.gradle.internal.work.DefaultWorkerLeaseService.withLocks(DefaultWorkerLeaseService.java:263)
[        ]      at org.gradle.internal.work.DefaultWorkerLeaseService.runAsWorkerThread(DefaultWorkerLeaseService.java:127)
[   +1 ms]      at
org.gradle.launcher.exec.RunAsWorkerThreadBuildActionExecutor.execute(RunAsWorkerThreadBuildActionExecutor.java:36)
[   +1 ms]      at
org.gradle.tooling.internal.provider.continuous.ContinuousBuildActionExecutor.execute(ContinuousBuildActionExecutor.java
:110)
[   +1 ms]      at
org.gradle.tooling.internal.provider.SubscribableBuildActionExecutor.execute(SubscribableBuildActionExecutor.java:64)
[   +1 ms]      at org.gradle.internal.session.DefaultBuildSessionContext.execute(DefaultBuildSessionContext.java:46)
[   +1 ms]      at
org.gradle.internal.buildprocess.execution.BuildSessionLifecycleBuildActionExecutor$ActionImpl.apply(BuildSessionLifecyc
leBuildActionExecutor.java:92)
[   +1 ms]      at
org.gradle.internal.buildprocess.execution.BuildSessionLifecycleBuildActionExecutor$ActionImpl.apply(BuildSessionLifecyc
leBuildActionExecutor.java:80)
[   +6 ms]      at org.gradle.internal.session.BuildSessionState.run(BuildSessionState.java:71)
[   +1 ms]      at
org.gradle.internal.buildprocess.execution.BuildSessionLifecycleBuildActionExecutor.execute(BuildSessionLifecycleBuildAc
tionExecutor.java:62)
[   +1 ms]      at
org.gradle.internal.buildprocess.execution.BuildSessionLifecycleBuildActionExecutor.execute(BuildSessionLifecycleBuildAc
tionExecutor.java:41)
[        ]      at
org.gradle.internal.buildprocess.execution.StartParamsValidatingActionExecutor.execute(StartParamsValidatingActionExecut
or.java:64)
[   +2 ms]      at
org.gradle.internal.buildprocess.execution.StartParamsValidatingActionExecutor.execute(StartParamsValidatingActionExecut
or.java:32)
[   +1 ms]      at
org.gradle.internal.buildprocess.execution.SessionFailureReportingActionExecutor.execute(SessionFailureReportingActionEx
ecutor.java:51)
[   +1 ms]      at
org.gradle.internal.buildprocess.execution.SessionFailureReportingActionExecutor.execute(SessionFailureReportingActionEx
ecutor.java:39)
[   +1 ms]      at
org.gradle.internal.buildprocess.execution.SetupLoggingActionExecutor.execute(SetupLoggingActionExecutor.java:47)
[   +6 ms]      at
org.gradle.internal.buildprocess.execution.SetupLoggingActionExecutor.execute(SetupLoggingActionExecutor.java:31)
[   +2 ms]      at org.gradle.launcher.daemon.server.exec.ExecuteBuild.doBuild(ExecuteBuild.java:70)
[   +1 ms]      at org.gradle.launcher.daemon.server.exec.BuildCommandOnly.execute(BuildCommandOnly.java:37)
[        ]      at org.gradle.launcher.daemon.server.api.DaemonCommandExecution.proceed(DaemonCommandExecution.java:104)
[   +1 ms]      at org.gradle.launcher.daemon.server.exec.WatchForDisconnection.execute(WatchForDisconnection.java:39)
[   +2 ms]      at org.gradle.launcher.daemon.server.api.DaemonCommandExecution.proceed(DaemonCommandExecution.java:104)
[   +1 ms]      at org.gradle.launcher.daemon.server.exec.ResetDeprecationLogger.execute(ResetDeprecationLogger.java:29)
[        ]      at org.gradle.launcher.daemon.server.api.DaemonCommandExecution.proceed(DaemonCommandExecution.java:104)
[   +1 ms]      at
org.gradle.launcher.daemon.server.exec.RequestStopIfSingleUsedDaemon.execute(RequestStopIfSingleUsedDaemon.java:35)
[   +5 ms]      at org.gradle.launcher.daemon.server.api.DaemonCommandExecution.proceed(DaemonCommandExecution.java:104)
[   +1 ms]      at org.gradle.launcher.daemon.server.exec.ForwardClientInput.lambda$execute$0(ForwardClientInput.java:40)
[   +2 ms]      at org.gradle.internal.daemon.clientinput.ClientInputForwarder.forwardInput(ClientInputForwarder.java:80)
[   +2 ms]      at org.gradle.launcher.daemon.server.exec.ForwardClientInput.execute(ForwardClientInput.java:37)
[        ]      at org.gradle.launcher.daemon.server.api.DaemonCommandExecution.proceed(DaemonCommandExecution.java:104)
[   +1 ms]      at org.gradle.launcher.daemon.server.exec.LogAndCheckHealth.execute(LogAndCheckHealth.java:64)
[        ]      at org.gradle.launcher.daemon.server.api.DaemonCommandExecution.proceed(DaemonCommandExecution.java:104)
[   +1 ms]      at org.gradle.launcher.daemon.server.exec.LogToClient.doBuild(LogToClient.java:63)
[   +6 ms]      at org.gradle.launcher.daemon.server.exec.BuildCommandOnly.execute(BuildCommandOnly.java:37)
[        ]      at org.gradle.launcher.daemon.server.api.DaemonCommandExecution.proceed(DaemonCommandExecution.java:104)
[   +1 ms]      at
org.gradle.launcher.daemon.server.exec.EstablishBuildEnvironment.doBuild(EstablishBuildEnvironment.java:84)
[        ]      at org.gradle.launcher.daemon.server.exec.BuildCommandOnly.execute(BuildCommandOnly.java:37)
[   +1 ms]      at org.gradle.launcher.daemon.server.api.DaemonCommandExecution.proceed(DaemonCommandExecution.java:104)
[   +2 ms]      at
org.gradle.launcher.daemon.server.exec.StartBuildOrRespondWithBusy$1.run(StartBuildOrRespondWithBusy.java:52)
[   +1 ms]      at
org.gradle.launcher.daemon.server.DaemonStateCoordinator.lambda$runCommand$0(DaemonStateCoordinator.java:321)
[   +1 ms]      at org.gradle.internal.concurrent.ExecutorPolicy$CatchAndRecordFailures.onExecute(ExecutorPolicy.java:64)
[   +1 ms]      at org.gradle.internal.concurrent.AbstractManagedExecutor$1.run(AbstractManagedExecutor.java:48)
[   +7 ms]      at java.base/java.util.concurrent.ThreadPoolExecutor.runWorker(ThreadPoolExecutor.java:1136)
[   +1 ms]      at java.base/java.util.concurrent.ThreadPoolExecutor$Worker.run(ThreadPoolExecutor.java:635)
[   +1 ms]      at java.base/java.lang.Thread.run(Thread.java:842)
[        ] Caused by: org.codehaus.groovy.control.MultipleCompilationErrorsException: startup failed:
[  +17 ms] build file 'C:\Projects\NewAI_AI\android\app\build.gradle': 109: Unexpected input: '{\n        release {\n
// Sadece release build için özel imzalama konfigürasyonu\n            // Debug buildlerinde varsayılan hata ayıklama
anahtarları kullanılacaktır.\n            signingConfig signingConfigs.release\n            minifyEnabled true\n
shrinkResources true\n            proguardFiles getDefaultProguardFile('proguard-android-optimize.txt'),
'proguard-rules.pro'\n        }\n        debug {\n            // Debug buildler için özel bir imzalama konfigürasyonu
belirtmiyoruz,\n            // Android'in varsayılan debug anahtarlarını kullanacaktır.\n            // Bu, 'flutter
run' komutunun çalışmasını sağlar.\n            // Bu bloğu boş bırakmak, varsayılan debug imzasını kullanmak
demektir.\n        }\n    }\n}' @ line 109, column 1.
[   +3 ms]    }
[        ]    ^
[   +8 ms] 1 error
[   +1 ms]      at org.codehaus.groovy.control.ErrorCollector.failIfErrors(ErrorCollector.java:292)
[        ]      at org.codehaus.groovy.control.ErrorCollector.addFatalError(ErrorCollector.java:148)
[   +1 ms]      at org.apache.groovy.parser.antlr4.AstBuilder.collectSyntaxError(AstBuilder.java:4301)
[        ]      at org.apache.groovy.parser.antlr4.AstBuilder.access$000(AstBuilder.java:176)
[        ]      at org.apache.groovy.parser.antlr4.AstBuilder$1.syntaxError(AstBuilder.java:4312)
[        ]      at groovyjarjarantlr4.v4.runtime.ProxyErrorListener.syntaxError(ProxyErrorListener.java:44)
[        ]      at groovyjarjarantlr4.v4.runtime.Parser.notifyErrorListeners(Parser.java:543)
[        ]      at groovyjarjarantlr4.v4.runtime.DefaultErrorStrategy.notifyErrorListeners(DefaultErrorStrategy.java:154)
[   +7 ms]      at
org.apache.groovy.parser.antlr4.internal.DescriptiveErrorStrategy.reportNoViableAlternative(DescriptiveErrorStrategy.jav
a:92)
[   +1 ms]      at groovyjarjarantlr4.v4.runtime.DefaultErrorStrategy.reportError(DefaultErrorStrategy.java:139)
[   +7 ms]      at org.apache.groovy.parser.antlr4.GroovyParser.pathExpression(GroovyParser.java:9500)
[   +9 ms]      at org.apache.groovy.parser.antlr4.GroovyParser.postfixExpression(GroovyParser.java:8108)
[   +1 ms]      at org.apache.groovy.parser.antlr4.GroovyParser.expression(GroovyParser.java:8650)
[   +1 ms]      at org.apache.groovy.parser.antlr4.GroovyParser.commandExpression(GroovyParser.java:9299)
[        ]      at org.apache.groovy.parser.antlr4.GroovyParser.statementExpression(GroovyParser.java:8067)
[        ]      at org.apache.groovy.parser.antlr4.GroovyParser.statement(GroovyParser.java:6915)
[        ]      at org.apache.groovy.parser.antlr4.GroovyParser.scriptStatement(GroovyParser.java:514)
[   +9 ms]      at org.apache.groovy.parser.antlr4.GroovyParser.scriptStatements(GroovyParser.java:421)
[   +1 ms]      at org.apache.groovy.parser.antlr4.GroovyParser.compilationUnit(GroovyParser.java:357)
[        ]      at org.apache.groovy.parser.antlr4.AstBuilder.buildCST(AstBuilder.java:250)
[        ]      at org.apache.groovy.parser.antlr4.AstBuilder.buildCST(AstBuilder.java:228)
[   +1 ms]      at org.apache.groovy.parser.antlr4.AstBuilder.buildAST(AstBuilder.java:269)
[        ]      at org.apache.groovy.parser.antlr4.Antlr4ParserPlugin.buildAST(Antlr4ParserPlugin.java:58)
[        ]      at org.codehaus.groovy.control.SourceUnit.buildAST(SourceUnit.java:256)
[   +2 ms]      at java.base/java.util.Iterator.forEachRemaining(Iterator.java:133)
[ +103 ms]      at java.base/java.util.Spliterators$IteratorSpliterator.forEachRemaining(Spliterators.java:1845)
[   +7 ms]      at java.base/java.util.stream.ReferencePipeline$Head.forEach(ReferencePipeline.java:762)
[   +1 ms]      at org.codehaus.groovy.control.CompilationUnit.buildASTs(CompilationUnit.java:667)
[        ]      at org.codehaus.groovy.control.CompilationUnit.compile(CompilationUnit.java:633)
[        ]      at groovy.lang.GroovyClassLoader.doParseClass(GroovyClassLoader.java:389)
[        ]      at groovy.lang.GroovyClassLoader.lambda$parseClass$3(GroovyClassLoader.java:332)
[        ]      at org.codehaus.groovy.runtime.memoize.StampedCommonCache.compute(StampedCommonCache.java:163)
[   +2 ms]      at org.codehaus.groovy.runtime.memoize.StampedCommonCache.getAndPut(StampedCommonCache.java:154)
[   +1 ms]      at groovy.lang.GroovyClassLoader.parseClass(GroovyClassLoader.java:330)
[   +7 ms]      at
org.gradle.groovy.scripts.internal.DefaultScriptCompilationHandler.compileScript(DefaultScriptCompilationHandler.java:16
0)
[   +1 ms]      ... 236 more
[   +1 ms] BUILD FAILED in 1m 46s
[   +1 ms] 4 actionable tasks: 4 up-to-date
[        ] Watched directory hierarchies: [C:\flutter\packages\flutter_tools\gradle]
[  +55 ms] Running Gradle task 'assembleDebug'... (completed in 109,7s)
[  +53 ms] "flutter apk" took 113.557ms.
[ +189 ms] Gradle task assembleDebug failed with exit code 1
[   +4 ms]
           #0      throwToolExit (package:flutter_tools/src/base/common.dart:34:3)
           #1      AndroidGradleBuilder.buildGradleApp (package:flutter_tools/src/android/gradle.dart:600:7)
           <asynchronous suspension>
           #2      AndroidGradleBuilder.buildApk (package:flutter_tools/src/android/gradle.dart:239:5)
           <asynchronous suspension>
           #3      BuildApkCommand.runCommand (package:flutter_tools/src/commands/build_apk.dart:131:5)
           <asynchronous suspension>
           #4      FlutterCommand.run.<anonymous closure>
(package:flutter_tools/src/runner/flutter_command.dart:1581:27)
           <asynchronous suspension>
           #5      AppContext.run.<anonymous closure> (package:flutter_tools/src/base/context.dart:154:19)
           <asynchronous suspension>
           #6      CommandRunner.runCommand (package:args/command_runner.dart:212:13)
           <asynchronous suspension>
           #7      FlutterCommandRunner.runCommand.<anonymous closure>
           (package:flutter_tools/src/runner/flutter_command_runner.dart:503:9)
           <asynchronous suspension>
           #8      AppContext.run.<anonymous closure> (package:flutter_tools/src/base/context.dart:154:19)
           <asynchronous suspension>
           #9      FlutterCommandRunner.runCommand (package:flutter_tools/src/runner/flutter_command_runner.dart:438:5)
           <asynchronous suspension>
           #10     run.<anonymous closure>.<anonymous closure> (package:flutter_tools/runner.dart:98:11)
           <asynchronous suspension>
           #11     AppContext.run.<anonymous closure> (package:flutter_tools/src/base/context.dart:154:19)
           <asynchronous suspension>
           #12     main (package:flutter_tools/executable.dart:101:3)
           <asynchronous suspension>


[   +3 ms] Running 1 shutdown hook
[   +4 ms] Shutdown hooks complete
[ +262 ms] exiting with code 1
